Plugin: e2e
Status: failed
Total: 5667
Passed: 388
Failed: 34
Skipped: 5245

Failed tests:
[sig-network] [Feature:IPv6DualStackAlphaFeature] [LinuxOnly] Granular Checks: Services Secondary IP Family should be able to handle large requests: udp
[sig-network] [Feature:IPv6DualStackAlphaFeature] [LinuxOnly] should create a single stack service with cluster ip from primary service range [Feature:IPv6DualStackAlphaFeature:Phase2]
[sig-network] Networking should provide Internet connection for containers [Feature:Networking-IPv6][Experimental][LinuxOnly]
[sig-network] [Feature:IPv6DualStackAlphaFeature] [LinuxOnly] Granular Checks: Services Secondary IP Family should be able to handle large requests: http
[sig-network] [Feature:IPv6DualStackAlphaFeature] [LinuxOnly] Granular Checks: Services Secondary IP Family should function for endpoint-Service: udp
[sig-network] Networking Granular Checks: Services should function for pod-Service: udp
[sig-network] [Feature:IPv6DualStackAlphaFeature] [LinuxOnly] Granular Checks: Services Secondary IP Family should function for client IP based session affinity: udp [LinuxOnly]
[sig-network] Conntrack should be able to preserve UDP traffic when server pod cycles for a ClusterIP service
[sig-network] [Feature:IPv6DualStackAlphaFeature] [LinuxOnly] should have ipv4 and ipv6 node podCIDRs
[sig-network] ClusterDns [Feature:Example] should create pod that uses dns
[sig-network] [Feature:IPv6DualStackAlphaFeature] [LinuxOnly] Granular Checks: Services Secondary IP Family should function for client IP based session affinity: http [LinuxOnly]
[sig-network] [Feature:IPv6DualStackAlphaFeature] [LinuxOnly] should create service with ipv6 cluster ip [Feature:IPv6DualStackAlphaFeature:Phase2]
[sig-network] [Feature:IPv6DualStackAlphaFeature] [LinuxOnly] Granular Checks: Services Secondary IP Family should update endpoints: udp
[sig-network] [Feature:IPv6DualStackAlphaFeature] [LinuxOnly] should create service with ipv4 cluster ip [Feature:IPv6DualStackAlphaFeature:Phase2]
[sig-network] [Feature:IPv6DualStackAlphaFeature] [LinuxOnly] should create pod, add ipv6 and ipv4 ip to pod ips
[sig-network] KubeProxy should set TCP CLOSE_WAIT timeout [Privileged]
[sig-network] Services should have session affinity work for LoadBalancer service with ESIPP off [Slow] [DisabledForLargeClusters] [LinuxOnly]
[sig-network] Networking Granular Checks: Services should update endpoints: udp
[sig-network] [Feature:IPv6DualStackAlphaFeature] [LinuxOnly] Granular Checks: Services Secondary IP Family should function for node-Service: udp
[sig-network] [Feature:IPv6DualStackAlphaFeature] [LinuxOnly] should be able to reach pod on ipv4 and ipv6 ip [Feature:IPv6DualStackAlphaFeature:Phase2]
[sig-network] [Feature:IPv6DualStackAlphaFeature] [LinuxOnly] should create service with ipv4,v6 cluster ip [Feature:IPv6DualStackAlphaFeature:Phase2]
[sig-network] [Feature:IPv6DualStackAlphaFeature] [LinuxOnly] Granular Checks: Services Secondary IP Family should function for node-Service: http
[sig-network] [Feature:IPv6DualStackAlphaFeature] [LinuxOnly] Granular Checks: Services Secondary IP Family should function for pod-Service: http
[sig-network] [Feature:IPv6DualStackAlphaFeature] [LinuxOnly] Granular Checks: Services Secondary IP Family should function for endpoint-Service: http
[sig-network] Services should handle load balancer cleanup finalizer for service [Slow]
[sig-network] [Feature:IPv6DualStackAlphaFeature] [LinuxOnly] Granular Checks: Services Secondary IP Family should function for pod-Service: udp
[sig-network] Services should be able to switch session affinity for LoadBalancer service with ESIPP on [Slow] [DisabledForLargeClusters] [LinuxOnly]
[sig-network] [Feature:IPv6DualStackAlphaFeature] [LinuxOnly] should create service with ipv6,v4 cluster ip [Feature:IPv6DualStackAlphaFeature:Phase2]
[sig-network] SCTP [Feature:SCTP] [LinuxOnly] should create a Pod with SCTP HostPort
[sig-network] Services should be able to switch session affinity for LoadBalancer service with ESIPP off [Slow] [DisabledForLargeClusters] [LinuxOnly]
[sig-network] Networking Granular Checks: Services should function for endpoint-Service: udp
[sig-network] [Feature:IPv6DualStackAlphaFeature] [LinuxOnly] Granular Checks: Services Secondary IP Family should update endpoints: http
[sig-network] [Feature:IPv6DualStackAlphaFeature] [LinuxOnly] should have ipv4 and ipv6 internal node ip
[sig-network] Services should have session affinity work for LoadBalancer service with ESIPP on [Slow] [DisabledForLargeClusters] [LinuxOnly]

Plugin: systemd-logs
Status: passed
Total: 3
Passed: 3
Failed: 0
Skipped: 0
