{"level":"info","msg":"Filtering namespaces based on the following regex:.*","time":"2021-05-11T05:31:11Z"}
{"level":"info","msg":"Namespace default Matched=true","time":"2021-05-11T05:31:11Z"}
{"level":"info","msg":"Namespace kube-node-lease Matched=true","time":"2021-05-11T05:31:11Z"}
{"level":"info","msg":"Namespace kube-public Matched=true","time":"2021-05-11T05:31:11Z"}
{"level":"info","msg":"Namespace kube-system Matched=true","time":"2021-05-11T05:31:11Z"}
{"level":"info","msg":"Namespace local-path-storage Matched=true","time":"2021-05-11T05:31:11Z"}
{"level":"info","msg":"Namespace sonobuoy Matched=true","time":"2021-05-11T05:31:11Z"}
{"level":"info","msg":"Starting server Expected Results: [{global e2e} {antrea-2021-05-11-77j3ob-control-plane systemd-logs} {antrea-2021-05-11-77j3ob-worker systemd-logs} {antrea-2021-05-11-77j3ob-worker2 systemd-logs}]","time":"2021-05-11T05:31:11Z"}
{"level":"info","msg":"Starting annotation update routine","time":"2021-05-11T05:31:11Z"}
{"address":"0.0.0.0","level":"info","msg":"Starting aggregation server","port":8080,"time":"2021-05-11T05:31:11Z"}
{"level":"info","msg":"Running plugin","plugin":"e2e","time":"2021-05-11T05:31:11Z"}
{"level":"info","msg":"Running plugin","plugin":"systemd-logs","time":"2021-05-11T05:31:11Z"}
{"client_cert":"systemd-logs","level":"info","msg":"received aggregator request","node":"antrea-2021-05-11-77j3ob-worker2","plugin_name":"systemd-logs","time":"2021-05-11T05:31:34Z"}
{"client_cert":"systemd-logs","level":"info","msg":"received aggregator request","node":"antrea-2021-05-11-77j3ob-worker","plugin_name":"systemd-logs","time":"2021-05-11T05:31:37Z"}
{"client_cert":"e2e","level":"info","msg":"received aggregator request","plugin_name":"e2e","time":"2021-05-11T05:31:42Z"}
{"client_cert":"systemd-logs","level":"info","msg":"received aggregator request","node":"antrea-2021-05-11-77j3ob-control-plane","plugin_name":"systemd-logs","time":"2021-05-11T05:31:44Z"}
{"client_cert":"e2e","level":"info","msg":"received aggregator request","plugin_name":"e2e","time":"2021-05-11T05:32:08Z"}
{"client_cert":"e2e","level":"info","msg":"received aggregator request","plugin_name":"e2e","time":"2021-05-11T05:32:14Z"}
{"client_cert":"e2e","level":"info","msg":"received aggregator request","plugin_name":"e2e","time":"2021-05-11T05:32:16Z"}
{"client_cert":"e2e","level":"info","msg":"received aggregator request","plugin_name":"e2e","time":"2021-05-11T05:32:20Z"}
{"client_cert":"e2e","level":"info","msg":"received aggregator request","plugin_name":"e2e","time":"2021-05-11T05:32:26Z"}
{"client_cert":"e2e","level":"info","msg":"received aggregator request","plugin_name":"e2e","time":"2021-05-11T05:38:32Z"}
{"client_cert":"e2e","level":"info","msg":"received aggregator request","plugin_name":"e2e","time":"2021-05-11T05:38:48Z"}
{"client_cert":"e2e","level":"info","msg":"received aggregator request","plugin_name":"e2e","time":"2021-05-11T05:39:00Z"}
{"client_cert":"e2e","level":"info","msg":"received aggregator request","plugin_name":"e2e","time":"2021-05-11T05:39:02Z"}
{"client_cert":"e2e","level":"info","msg":"received aggregator request","plugin_name":"e2e","time":"2021-05-11T05:39:02Z"}
{"client_cert":"e2e","level":"info","msg":"received aggregator request","plugin_name":"e2e","time":"2021-05-11T05:39:04Z"}
{"client_cert":"e2e","level":"info","msg":"received aggregator request","plugin_name":"e2e","time":"2021-05-11T05:39:07Z"}
{"client_cert":"e2e","level":"info","msg":"received aggregator request","plugin_name":"e2e","time":"2021-05-11T05:39:28Z"}
{"client_cert":"e2e","level":"info","msg":"received aggregator request","plugin_name":"e2e","time":"2021-05-11T05:39:32Z"}
{"client_cert":"e2e","level":"info","msg":"received aggregator request","plugin_name":"e2e","time":"2021-05-11T05:39:58Z"}
{"client_cert":"e2e","level":"info","msg":"received aggregator request","plugin_name":"e2e","time":"2021-05-11T05:40:02Z"}
{"client_cert":"e2e","level":"info","msg":"received aggregator request","plugin_name":"e2e","time":"2021-05-11T05:40:02Z"}
{"client_cert":"e2e","level":"info","msg":"received aggregator request","plugin_name":"e2e","time":"2021-05-11T05:40:04Z"}
{"client_cert":"e2e","level":"info","msg":"received aggregator request","plugin_name":"e2e","time":"2021-05-11T05:40:06Z"}
{"client_cert":"e2e","level":"info","msg":"received aggregator request","plugin_name":"e2e","time":"2021-05-11T05:40:07Z"}
{"client_cert":"e2e","level":"info","msg":"received aggregator request","plugin_name":"e2e","time":"2021-05-11T05:40:12Z"}
{"client_cert":"e2e","level":"info","msg":"received aggregator request","plugin_name":"e2e","time":"2021-05-11T05:40:33Z"}
{"client_cert":"e2e","level":"info","msg":"received aggregator request","plugin_name":"e2e","time":"2021-05-11T05:40:35Z"}
{"client_cert":"e2e","level":"info","msg":"received aggregator request","plugin_name":"e2e","time":"2021-05-11T05:40:45Z"}
{"client_cert":"e2e","level":"info","msg":"received aggregator request","plugin_name":"e2e","time":"2021-05-11T05:42:27Z"}
{"client_cert":"e2e","level":"info","msg":"received aggregator request","plugin_name":"e2e","time":"2021-05-11T05:42:32Z"}
{"client_cert":"e2e","level":"info","msg":"received aggregator request","plugin_name":"e2e","time":"2021-05-11T05:42:38Z"}
{"client_cert":"e2e","level":"info","msg":"received aggregator request","plugin_name":"e2e","time":"2021-05-11T05:42:42Z"}
{"client_cert":"e2e","level":"info","msg":"received aggregator request","plugin_name":"e2e","time":"2021-05-11T05:42:44Z"}
{"client_cert":"e2e","level":"info","msg":"received aggregator request","plugin_name":"e2e","time":"2021-05-11T05:43:07Z"}
{"client_cert":"e2e","level":"info","msg":"received aggregator request","plugin_name":"e2e","time":"2021-05-11T05:45:48Z"}
{"client_cert":"e2e","level":"info","msg":"received aggregator request","plugin_name":"e2e","time":"2021-05-11T05:46:00Z"}
{"client_cert":"e2e","level":"info","msg":"received aggregator request","plugin_name":"e2e","time":"2021-05-11T05:46:19Z"}
{"client_cert":"e2e","level":"info","msg":"received aggregator request","plugin_name":"e2e","time":"2021-05-11T05:46:21Z"}
{"client_cert":"e2e","level":"info","msg":"received aggregator request","plugin_name":"e2e","time":"2021-05-11T05:46:21Z"}
{"client_cert":"e2e","level":"info","msg":"received aggregator request","plugin_name":"e2e","time":"2021-05-11T05:46:22Z"}
{"client_cert":"e2e","level":"info","msg":"received aggregator request","plugin_name":"e2e","time":"2021-05-11T05:46:24Z"}
{"client_cert":"e2e","level":"info","msg":"received aggregator request","plugin_name":"e2e","time":"2021-05-11T05:46:28Z"}
{"client_cert":"e2e","level":"info","msg":"received aggregator request","plugin_name":"e2e","time":"2021-05-11T05:46:39Z"}
{"client_cert":"e2e","level":"info","msg":"received aggregator request","plugin_name":"e2e","time":"2021-05-11T05:46:41Z"}
{"client_cert":"e2e","level":"info","msg":"received aggregator request","plugin_name":"e2e","time":"2021-05-11T05:46:49Z"}
{"client_cert":"e2e","level":"info","msg":"received aggregator request","plugin_name":"e2e","time":"2021-05-11T05:46:51Z"}
{"client_cert":"e2e","level":"info","msg":"received aggregator request","plugin_name":"e2e","time":"2021-05-11T05:47:51Z"}
{"client_cert":"e2e","level":"info","msg":"received aggregator request","plugin_name":"e2e","time":"2021-05-11T05:47:58Z"}
{"client_cert":"e2e","level":"info","msg":"received aggregator request","plugin_name":"e2e","time":"2021-05-11T05:48:00Z"}
{"client_cert":"e2e","level":"info","msg":"received aggregator request","plugin_name":"e2e","time":"2021-05-11T05:48:28Z"}
{"client_cert":"e2e","level":"info","msg":"received aggregator request","plugin_name":"e2e","time":"2021-05-11T05:48:30Z"}
{"client_cert":"e2e","level":"info","msg":"received aggregator request","plugin_name":"e2e","time":"2021-05-11T05:48:51Z"}
{"client_cert":"e2e","level":"info","msg":"received aggregator request","plugin_name":"e2e","time":"2021-05-11T05:49:13Z"}
{"client_cert":"e2e","level":"info","msg":"received aggregator request","plugin_name":"e2e","time":"2021-05-11T05:49:18Z"}
{"client_cert":"e2e","level":"info","msg":"received aggregator request","plugin_name":"e2e","time":"2021-05-11T05:49:20Z"}
{"client_cert":"e2e","level":"info","msg":"received aggregator request","plugin_name":"e2e","time":"2021-05-11T05:49:24Z"}
{"client_cert":"e2e","level":"info","msg":"received aggregator request","plugin_name":"e2e","time":"2021-05-11T05:49:26Z"}
{"client_cert":"e2e","level":"info","msg":"received aggregator request","plugin_name":"e2e","time":"2021-05-11T05:49:35Z"}
{"client_cert":"e2e","level":"info","msg":"received aggregator request","plugin_name":"e2e","time":"2021-05-11T05:49:36Z"}
{"client_cert":"e2e","level":"info","msg":"received aggregator request","plugin_name":"e2e","time":"2021-05-11T05:49:38Z"}
{"client_cert":"e2e","level":"info","msg":"received aggregator request","plugin_name":"e2e","time":"2021-05-11T05:49:38Z"}
{"client_cert":"e2e","level":"info","msg":"received aggregator request","plugin_name":"e2e","time":"2021-05-11T05:49:46Z"}
{"client_cert":"e2e","level":"info","msg":"received aggregator request","plugin_name":"e2e","time":"2021-05-11T05:49:48Z"}
{"client_cert":"e2e","level":"info","msg":"received aggregator request","plugin_name":"e2e","time":"2021-05-11T05:50:04Z"}
{"client_cert":"e2e","level":"info","msg":"received aggregator request","plugin_name":"e2e","time":"2021-05-11T05:50:06Z"}
{"client_cert":"e2e","level":"info","msg":"received aggregator request","plugin_name":"e2e","time":"2021-05-11T05:50:28Z"}
{"client_cert":"e2e","level":"info","msg":"received aggregator request","plugin_name":"e2e","time":"2021-05-11T05:50:31Z"}
{"client_cert":"e2e","level":"info","msg":"received aggregator request","plugin_name":"e2e","time":"2021-05-11T05:50:48Z"}
{"client_cert":"e2e","level":"info","msg":"received aggregator request","plugin_name":"e2e","time":"2021-05-11T05:50:54Z"}
{"client_cert":"e2e","level":"info","msg":"received aggregator request","plugin_name":"e2e","time":"2021-05-11T05:50:54Z"}
{"client_cert":"e2e","level":"info","msg":"received aggregator request","plugin_name":"e2e","time":"2021-05-11T05:51:02Z"}
{"client_cert":"e2e","level":"info","msg":"received aggregator request","plugin_name":"e2e","time":"2021-05-11T05:51:04Z"}
{"client_cert":"e2e","level":"info","msg":"received aggregator request","plugin_name":"e2e","time":"2021-05-11T05:51:14Z"}
{"client_cert":"e2e","level":"info","msg":"received aggregator request","plugin_name":"e2e","time":"2021-05-11T05:51:16Z"}
{"client_cert":"e2e","level":"info","msg":"received aggregator request","plugin_name":"e2e","time":"2021-05-11T05:51:18Z"}
{"client_cert":"e2e","level":"info","msg":"received aggregator request","plugin_name":"e2e","time":"2021-05-11T05:51:25Z"}
{"client_cert":"e2e","level":"info","msg":"received aggregator request","plugin_name":"e2e","time":"2021-05-11T05:51:32Z"}
{"client_cert":"e2e","level":"info","msg":"received aggregator request","plugin_name":"e2e","time":"2021-05-11T05:51:36Z"}
{"client_cert":"e2e","level":"info","msg":"received aggregator request","plugin_name":"e2e","time":"2021-05-11T05:56:42Z"}
{"client_cert":"e2e","level":"info","msg":"received aggregator request","plugin_name":"e2e","time":"2021-05-11T05:56:58Z"}
{"client_cert":"e2e","level":"info","msg":"received aggregator request","plugin_name":"e2e","time":"2021-05-11T05:57:00Z"}
{"client_cert":"e2e","level":"info","msg":"received aggregator request","plugin_name":"e2e","time":"2021-05-11T05:57:04Z"}
{"client_cert":"e2e","level":"info","msg":"received aggregator request","plugin_name":"e2e","time":"2021-05-11T05:59:48Z"}
{"client_cert":"e2e","level":"info","msg":"received aggregator request","plugin_name":"e2e","time":"2021-05-11T05:59:48Z"}
{"client_cert":"e2e","level":"info","msg":"received aggregator request","plugin_name":"e2e","time":"2021-05-11T05:59:51Z"}
{"client_cert":"e2e","level":"info","msg":"received aggregator request","plugin_name":"e2e","time":"2021-05-11T06:00:23Z"}
{"client_cert":"e2e","level":"info","msg":"received aggregator request","plugin_name":"e2e","time":"2021-05-11T06:00:25Z"}
{"client_cert":"e2e","level":"info","msg":"received aggregator request","plugin_name":"e2e","time":"2021-05-11T06:00:29Z"}
{"client_cert":"e2e","level":"info","msg":"received aggregator request","plugin_name":"e2e","time":"2021-05-11T06:00:31Z"}
{"client_cert":"e2e","level":"info","msg":"received aggregator request","plugin_name":"e2e","time":"2021-05-11T06:00:41Z"}
{"client_cert":"e2e","level":"info","msg":"received aggregator request","plugin_name":"e2e","time":"2021-05-11T06:00:48Z"}
{"client_cert":"e2e","level":"info","msg":"received aggregator request","plugin_name":"e2e","time":"2021-05-11T06:00:52Z"}
{"client_cert":"e2e","level":"info","msg":"received aggregator request","plugin_name":"e2e","time":"2021-05-11T06:00:52Z"}
{"client_cert":"e2e","level":"info","msg":"received aggregator request","plugin_name":"e2e","time":"2021-05-11T06:00:57Z"}
{"client_cert":"e2e","level":"info","msg":"received aggregator request","plugin_name":"e2e","time":"2021-05-11T06:01:37Z"}
{"client_cert":"e2e","level":"info","msg":"received aggregator request","plugin_name":"e2e","time":"2021-05-11T06:01:37Z"}
{"client_cert":"e2e","level":"info","msg":"received aggregator request","plugin_name":"e2e","time":"2021-05-11T06:01:39Z"}
{"client_cert":"e2e","level":"info","msg":"received aggregator request","plugin_name":"e2e","time":"2021-05-11T06:02:52Z"}
{"client_cert":"e2e","level":"info","msg":"received aggregator request","plugin_name":"e2e","time":"2021-05-11T06:02:52Z"}
{"client_cert":"e2e","level":"info","msg":"received aggregator request","plugin_name":"e2e","time":"2021-05-11T06:02:52Z"}
{"client_cert":"e2e","level":"info","msg":"received aggregator request","plugin_name":"e2e","time":"2021-05-11T06:03:24Z"}
{"client_cert":"e2e","level":"info","msg":"received aggregator request","plugin_name":"e2e","time":"2021-05-11T06:03:27Z"}
{"client_cert":"e2e","level":"info","msg":"received aggregator request","plugin_name":"e2e","time":"2021-05-11T06:04:08Z"}
{"client_cert":"e2e","level":"info","msg":"received aggregator request","plugin_name":"e2e","time":"2021-05-11T06:04:10Z"}
{"client_cert":"e2e","level":"info","msg":"received aggregator request","plugin_name":"e2e","time":"2021-05-11T06:05:23Z"}
{"client_cert":"e2e","level":"info","msg":"received aggregator request","plugin_name":"e2e","time":"2021-05-11T06:06:01Z"}
{"client_cert":"e2e","level":"info","msg":"received aggregator request","plugin_name":"e2e","time":"2021-05-11T06:06:04Z"}
{"client_cert":"e2e","level":"info","msg":"received aggregator request","plugin_name":"e2e","time":"2021-05-11T06:06:04Z"}
{"client_cert":"e2e","level":"info","msg":"received aggregator request","plugin_name":"e2e","time":"2021-05-11T06:06:54Z"}
{"client_cert":"e2e","level":"info","msg":"received aggregator request","plugin_name":"e2e","time":"2021-05-11T06:06:56Z"}
{"client_cert":"e2e","level":"info","msg":"received aggregator request","plugin_name":"e2e","time":"2021-05-11T06:06:57Z"}
{"client_cert":"e2e","level":"info","msg":"received aggregator request","plugin_name":"e2e","time":"2021-05-11T06:07:59Z"}
{"client_cert":"e2e","level":"info","msg":"received aggregator request","plugin_name":"e2e","time":"2021-05-11T06:08:02Z"}
{"client_cert":"e2e","level":"info","msg":"received aggregator request","plugin_name":"e2e","time":"2021-05-11T06:08:04Z"}
{"client_cert":"e2e","level":"info","msg":"received aggregator request","plugin_name":"e2e","time":"2021-05-11T06:08:04Z"}
{"client_cert":"e2e","level":"info","msg":"received aggregator request","plugin_name":"e2e","time":"2021-05-11T06:08:28Z"}
{"client_cert":"e2e","level":"info","msg":"received aggregator request","plugin_name":"e2e","time":"2021-05-11T06:08:39Z"}
{"client_cert":"e2e","level":"info","msg":"received aggregator request","plugin_name":"e2e","time":"2021-05-11T06:08:41Z"}
{"client_cert":"e2e","level":"info","msg":"received aggregator request","plugin_name":"e2e","time":"2021-05-11T06:08:52Z"}
{"client_cert":"e2e","level":"info","msg":"received aggregator request","plugin_name":"e2e","time":"2021-05-11T06:08:58Z"}
{"client_cert":"e2e","level":"info","msg":"received aggregator request","plugin_name":"e2e","time":"2021-05-11T06:09:08Z"}
{"client_cert":"e2e","level":"info","msg":"received aggregator request","plugin_name":"e2e","time":"2021-05-11T06:09:08Z"}
{"client_cert":"e2e","level":"info","msg":"received aggregator request","plugin_name":"e2e","time":"2021-05-11T06:12:19Z"}
{"client_cert":"e2e","level":"info","msg":"received aggregator request","plugin_name":"e2e","time":"2021-05-11T06:12:41Z"}
{"client_cert":"e2e","level":"info","msg":"received aggregator request","plugin_name":"e2e","time":"2021-05-11T06:12:53Z"}
{"client_cert":"e2e","level":"info","msg":"received aggregator request","plugin_name":"e2e","time":"2021-05-11T06:12:55Z"}
{"client_cert":"e2e","level":"info","msg":"received aggregator request","plugin_name":"e2e","time":"2021-05-11T06:13:01Z"}
{"client_cert":"e2e","level":"info","msg":"received aggregator request","plugin_name":"e2e","time":"2021-05-11T06:13:19Z"}
{"client_cert":"e2e","level":"info","msg":"received aggregator request","plugin_name":"e2e","time":"2021-05-11T06:13:22Z"}
{"client_cert":"e2e","level":"info","msg":"received aggregator request","plugin_name":"e2e","time":"2021-05-11T06:13:25Z"}
{"client_cert":"e2e","level":"info","msg":"received aggregator request","plugin_name":"e2e","time":"2021-05-11T06:13:29Z"}
{"client_cert":"e2e","level":"info","msg":"received aggregator request","plugin_name":"e2e","time":"2021-05-11T06:13:34Z"}
{"client_cert":"e2e","level":"info","msg":"received aggregator request","plugin_name":"e2e","time":"2021-05-11T06:13:38Z"}
{"client_cert":"e2e","level":"info","msg":"received aggregator request","plugin_name":"e2e","time":"2021-05-11T06:14:00Z"}
{"client_cert":"e2e","level":"info","msg":"received aggregator request","plugin_name":"e2e","time":"2021-05-11T06:14:00Z"}
{"client_cert":"e2e","level":"info","msg":"received aggregator request","plugin_name":"e2e","time":"2021-05-11T06:15:00Z"}
{"client_cert":"e2e","level":"info","msg":"received aggregator request","plugin_name":"e2e","time":"2021-05-11T06:15:02Z"}
{"client_cert":"e2e","level":"info","msg":"received aggregator request","plugin_name":"e2e","time":"2021-05-11T06:15:04Z"}
{"client_cert":"e2e","level":"info","msg":"received aggregator request","plugin_name":"e2e","time":"2021-05-11T06:15:06Z"}
{"client_cert":"e2e","level":"info","msg":"received aggregator request","plugin_name":"e2e","time":"2021-05-11T06:15:13Z"}
{"client_cert":"e2e","level":"info","msg":"received aggregator request","plugin_name":"e2e","time":"2021-05-11T06:15:15Z"}
{"client_cert":"e2e","level":"info","msg":"received aggregator request","plugin_name":"e2e","time":"2021-05-11T06:15:34Z"}
{"client_cert":"e2e","level":"info","msg":"received aggregator request","plugin_name":"e2e","time":"2021-05-11T06:15:36Z"}
{"client_cert":"e2e","level":"info","msg":"received aggregator request","plugin_name":"e2e","time":"2021-05-11T06:15:57Z"}
{"client_cert":"e2e","level":"info","msg":"received aggregator request","plugin_name":"e2e","time":"2021-05-11T06:15:59Z"}
{"client_cert":"e2e","level":"info","msg":"received aggregator request","plugin_name":"e2e","time":"2021-05-11T06:16:01Z"}
{"client_cert":"e2e","level":"info","msg":"received aggregator request","plugin_name":"e2e","time":"2021-05-11T06:16:08Z"}
{"client_cert":"e2e","level":"info","msg":"received aggregator request","plugin_name":"e2e","time":"2021-05-11T06:16:09Z"}
{"client_cert":"e2e","level":"info","msg":"received aggregator request","plugin_name":"e2e","time":"2021-05-11T06:16:09Z"}
{"client_cert":"e2e","level":"info","msg":"received aggregator request","plugin_name":"e2e","time":"2021-05-11T06:16:12Z"}
{"client_cert":"e2e","level":"info","msg":"received aggregator request","plugin_name":"e2e","time":"2021-05-11T06:16:13Z"}
{"client_cert":"e2e","level":"info","msg":"received aggregator request","plugin_name":"e2e","time":"2021-05-11T06:16:15Z"}
{"client_cert":"e2e","level":"info","msg":"received aggregator request","plugin_name":"e2e","time":"2021-05-11T06:16:17Z"}
{"client_cert":"e2e","level":"info","msg":"received aggregator request","plugin_name":"e2e","time":"2021-05-11T06:16:54Z"}
{"client_cert":"e2e","level":"info","msg":"received aggregator request","plugin_name":"e2e","time":"2021-05-11T06:16:56Z"}
{"client_cert":"e2e","level":"info","msg":"received aggregator request","plugin_name":"e2e","time":"2021-05-11T06:16:58Z"}
{"client_cert":"e2e","level":"info","msg":"received aggregator request","plugin_name":"e2e","time":"2021-05-11T06:17:20Z"}
{"client_cert":"e2e","level":"info","msg":"received aggregator request","plugin_name":"e2e","time":"2021-05-11T06:17:35Z"}
{"client_cert":"e2e","level":"info","msg":"received aggregator request","plugin_name":"e2e","time":"2021-05-11T06:17:52Z"}
{"client_cert":"e2e","level":"info","msg":"received aggregator request","plugin_name":"e2e","time":"2021-05-11T06:17:52Z"}
{"client_cert":"e2e","level":"info","msg":"received aggregator request","plugin_name":"e2e","time":"2021-05-11T06:17:55Z"}
{"client_cert":"e2e","level":"info","msg":"received aggregator request","plugin_name":"e2e","time":"2021-05-11T06:17:57Z"}
{"client_cert":"e2e","level":"info","msg":"received aggregator request","plugin_name":"e2e","time":"2021-05-11T06:18:00Z"}
{"client_cert":"e2e","level":"info","msg":"received aggregator request","plugin_name":"e2e","time":"2021-05-11T06:18:02Z"}
{"client_cert":"e2e","level":"info","msg":"received aggregator request","plugin_name":"e2e","time":"2021-05-11T06:18:04Z"}
{"client_cert":"e2e","level":"info","msg":"received aggregator request","plugin_name":"e2e","time":"2021-05-11T06:18:13Z"}
{"client_cert":"e2e","level":"info","msg":"received aggregator request","plugin_name":"e2e","time":"2021-05-11T06:18:30Z"}
{"client_cert":"e2e","level":"info","msg":"received aggregator request","plugin_name":"e2e","time":"2021-05-11T06:18:32Z"}
{"client_cert":"e2e","level":"info","msg":"received aggregator request","plugin_name":"e2e","time":"2021-05-11T06:18:34Z"}
{"client_cert":"e2e","level":"info","msg":"received aggregator request","plugin_name":"e2e","time":"2021-05-11T06:18:34Z"}
{"client_cert":"e2e","level":"info","msg":"received aggregator request","plugin_name":"e2e","time":"2021-05-11T06:18:36Z"}
{"client_cert":"e2e","level":"info","msg":"received aggregator request","plugin_name":"e2e","time":"2021-05-11T06:19:18Z"}
{"client_cert":"e2e","level":"info","msg":"received aggregator request","plugin_name":"e2e","time":"2021-05-11T06:19:23Z"}
{"client_cert":"e2e","level":"info","msg":"received aggregator request","plugin_name":"e2e","time":"2021-05-11T06:19:29Z"}
{"client_cert":"e2e","level":"info","msg":"received aggregator request","plugin_name":"e2e","time":"2021-05-11T06:19:34Z"}
{"client_cert":"e2e","level":"info","msg":"received aggregator request","plugin_name":"e2e","time":"2021-05-11T06:20:58Z"}
{"client_cert":"e2e","level":"info","msg":"received aggregator request","plugin_name":"e2e","time":"2021-05-11T06:21:22Z"}
{"client_cert":"e2e","level":"info","msg":"received aggregator request","plugin_name":"e2e","time":"2021-05-11T06:21:29Z"}
{"client_cert":"e2e","level":"info","msg":"received aggregator request","plugin_name":"e2e","time":"2021-05-11T06:21:29Z"}
{"client_cert":"e2e","level":"info","msg":"received aggregator request","plugin_name":"e2e","time":"2021-05-11T06:21:35Z"}
{"client_cert":"e2e","level":"info","msg":"received aggregator request","plugin_name":"e2e","time":"2021-05-11T06:21:38Z"}
{"client_cert":"e2e","level":"info","msg":"received aggregator request","plugin_name":"e2e","time":"2021-05-11T06:21:40Z"}
{"client_cert":"e2e","level":"info","msg":"received aggregator request","plugin_name":"e2e","time":"2021-05-11T06:21:41Z"}
{"client_cert":"e2e","level":"info","msg":"received aggregator request","plugin_name":"e2e","time":"2021-05-11T06:23:13Z"}
{"client_cert":"e2e","level":"info","msg":"received aggregator request","plugin_name":"e2e","time":"2021-05-11T06:23:20Z"}
{"client_cert":"e2e","level":"info","msg":"received aggregator request","plugin_name":"e2e","time":"2021-05-11T06:23:20Z"}
{"client_cert":"e2e","level":"info","msg":"received aggregator request","plugin_name":"e2e","time":"2021-05-11T06:23:25Z"}
{"client_cert":"e2e","level":"info","msg":"received aggregator request","plugin_name":"e2e","time":"2021-05-11T06:23:40Z"}
{"client_cert":"e2e","level":"info","msg":"received aggregator request","plugin_name":"e2e","time":"2021-05-11T06:23:42Z"}
{"client_cert":"e2e","level":"info","msg":"received aggregator request","plugin_name":"e2e","time":"2021-05-11T06:23:44Z"}
{"client_cert":"e2e","level":"info","msg":"received aggregator request","plugin_name":"e2e","time":"2021-05-11T06:23:46Z"}
{"client_cert":"e2e","level":"info","msg":"received aggregator request","plugin_name":"e2e","time":"2021-05-11T06:23:47Z"}
{"client_cert":"e2e","level":"info","msg":"received aggregator request","plugin_name":"e2e","time":"2021-05-11T06:23:51Z"}
{"client_cert":"e2e","level":"info","msg":"received aggregator request","plugin_name":"e2e","time":"2021-05-11T06:24:08Z"}
{"client_cert":"e2e","level":"info","msg":"received aggregator request","plugin_name":"e2e","time":"2021-05-11T06:24:10Z"}
{"client_cert":"e2e","level":"info","msg":"received aggregator request","plugin_name":"e2e","time":"2021-05-11T06:24:13Z"}
{"client_cert":"e2e","level":"info","msg":"received aggregator request","plugin_name":"e2e","time":"2021-05-11T06:24:16Z"}
{"client_cert":"e2e","level":"info","msg":"received aggregator request","plugin_name":"e2e","time":"2021-05-11T06:24:21Z"}
{"client_cert":"e2e","level":"info","msg":"received aggregator request","plugin_name":"e2e","time":"2021-05-11T06:24:26Z"}
{"client_cert":"e2e","level":"info","msg":"received aggregator request","plugin_name":"e2e","time":"2021-05-11T06:24:48Z"}
{"client_cert":"e2e","level":"info","msg":"received aggregator request","plugin_name":"e2e","time":"2021-05-11T06:25:18Z"}
{"client_cert":"e2e","level":"info","msg":"received aggregator request","plugin_name":"e2e","time":"2021-05-11T06:25:20Z"}
{"client_cert":"e2e","level":"info","msg":"received aggregator request","plugin_name":"e2e","time":"2021-05-11T06:25:20Z"}
{"client_cert":"e2e","level":"info","msg":"received aggregator request","plugin_name":"e2e","time":"2021-05-11T06:25:24Z"}
{"client_cert":"e2e","level":"info","msg":"received aggregator request","plugin_name":"e2e","time":"2021-05-11T06:25:26Z"}
{"client_cert":"e2e","level":"info","msg":"received aggregator request","plugin_name":"e2e","time":"2021-05-11T06:25:28Z"}
{"client_cert":"e2e","level":"info","msg":"received aggregator request","plugin_name":"e2e","time":"2021-05-11T06:25:31Z"}
{"client_cert":"e2e","level":"info","msg":"received aggregator request","plugin_name":"e2e","time":"2021-05-11T06:29:33Z"}
{"client_cert":"e2e","level":"info","msg":"received aggregator request","plugin_name":"e2e","time":"2021-05-11T06:29:39Z"}
{"client_cert":"e2e","level":"info","msg":"received aggregator request","plugin_name":"e2e","time":"2021-05-11T06:29:49Z"}
{"client_cert":"e2e","level":"info","msg":"received aggregator request","plugin_name":"e2e","time":"2021-05-11T06:29:58Z"}
{"client_cert":"e2e","level":"info","msg":"received aggregator request","plugin_name":"e2e","time":"2021-05-11T06:31:20Z"}
{"client_cert":"systemd-logs","level":"info","msg":"received aggregator request","node":"antrea-2021-05-11-77j3ob-worker2","plugin_name":"systemd-logs","time":"2021-05-11T06:31:37Z"}
{"level":"error","msg":"Result processing error (409): result systemd-logs/antrea-2021-05-11-77j3ob-worker2 already received","time":"2021-05-11T06:31:37Z"}
{"client_cert":"systemd-logs","level":"info","msg":"received aggregator request","node":"antrea-2021-05-11-77j3ob-worker","plugin_name":"systemd-logs","time":"2021-05-11T06:31:39Z"}
{"level":"error","msg":"Result processing error (409): result systemd-logs/antrea-2021-05-11-77j3ob-worker already received","time":"2021-05-11T06:31:39Z"}
{"client_cert":"systemd-logs","level":"info","msg":"received aggregator request","node":"antrea-2021-05-11-77j3ob-control-plane","plugin_name":"systemd-logs","time":"2021-05-11T06:31:46Z"}
{"level":"error","msg":"Result processing error (409): result systemd-logs/antrea-2021-05-11-77j3ob-control-plane already received","time":"2021-05-11T06:31:46Z"}
{"client_cert":"e2e","level":"info","msg":"received aggregator request","plugin_name":"e2e","time":"2021-05-11T06:31:47Z"}
{"client_cert":"systemd-logs","level":"info","msg":"received aggregator request","node":"antrea-2021-05-11-77j3ob-worker2","plugin_name":"systemd-logs","time":"2021-05-11T06:31:53Z"}
{"level":"error","msg":"Result processing error (409): result systemd-logs/antrea-2021-05-11-77j3ob-worker2 already received","time":"2021-05-11T06:31:53Z"}
{"client_cert":"systemd-logs","level":"info","msg":"received aggregator request","node":"antrea-2021-05-11-77j3ob-worker","plugin_name":"systemd-logs","time":"2021-05-11T06:31:53Z"}
{"level":"error","msg":"Result processing error (409): result systemd-logs/antrea-2021-05-11-77j3ob-worker already received","time":"2021-05-11T06:31:53Z"}
{"client_cert":"systemd-logs","level":"info","msg":"received aggregator request","node":"antrea-2021-05-11-77j3ob-control-plane","plugin_name":"systemd-logs","time":"2021-05-11T06:32:02Z"}
{"level":"error","msg":"Result processing error (409): result systemd-logs/antrea-2021-05-11-77j3ob-control-plane already received","time":"2021-05-11T06:32:02Z"}
{"client_cert":"e2e","level":"info","msg":"received aggregator request","plugin_name":"e2e","time":"2021-05-11T06:32:08Z"}
{"client_cert":"systemd-logs","level":"info","msg":"received aggregator request","node":"antrea-2021-05-11-77j3ob-worker2","plugin_name":"systemd-logs","time":"2021-05-11T06:32:17Z"}
{"level":"error","msg":"Result processing error (409): result systemd-logs/antrea-2021-05-11-77j3ob-worker2 already received","time":"2021-05-11T06:32:17Z"}
{"client_cert":"systemd-logs","level":"info","msg":"received aggregator request","node":"antrea-2021-05-11-77j3ob-worker","plugin_name":"systemd-logs","time":"2021-05-11T06:32:21Z"}
{"level":"error","msg":"Result processing error (409): result systemd-logs/antrea-2021-05-11-77j3ob-worker already received","time":"2021-05-11T06:32:21Z"}
{"client_cert":"systemd-logs","level":"info","msg":"received aggregator request","node":"antrea-2021-05-11-77j3ob-control-plane","plugin_name":"systemd-logs","time":"2021-05-11T06:32:30Z"}
{"level":"error","msg":"Result processing error (409): result systemd-logs/antrea-2021-05-11-77j3ob-control-plane already received","time":"2021-05-11T06:32:30Z"}
{"client_cert":"systemd-logs","level":"info","msg":"received aggregator request","node":"antrea-2021-05-11-77j3ob-worker","plugin_name":"systemd-logs","time":"2021-05-11T06:33:04Z"}
{"level":"error","msg":"Result processing error (409): result systemd-logs/antrea-2021-05-11-77j3ob-worker already received","time":"2021-05-11T06:33:04Z"}
{"client_cert":"systemd-logs","level":"info","msg":"received aggregator request","node":"antrea-2021-05-11-77j3ob-worker2","plugin_name":"systemd-logs","time":"2021-05-11T06:33:11Z"}
{"level":"error","msg":"Result processing error (409): result systemd-logs/antrea-2021-05-11-77j3ob-worker2 already received","time":"2021-05-11T06:33:11Z"}
{"client_cert":"e2e","level":"info","msg":"received aggregator request","plugin_name":"e2e","time":"2021-05-11T06:33:12Z"}
{"client_cert":"systemd-logs","level":"info","msg":"received aggregator request","node":"antrea-2021-05-11-77j3ob-control-plane","plugin_name":"systemd-logs","time":"2021-05-11T06:33:12Z"}
{"level":"error","msg":"Result processing error (409): result systemd-logs/antrea-2021-05-11-77j3ob-control-plane already received","time":"2021-05-11T06:33:12Z"}
{"client_cert":"e2e","level":"info","msg":"received aggregator request","plugin_name":"e2e","time":"2021-05-11T06:33:22Z"}
{"client_cert":"e2e","level":"info","msg":"received aggregator request","plugin_name":"e2e","time":"2021-05-11T06:33:23Z"}
{"client_cert":"e2e","level":"info","msg":"received aggregator request","plugin_name":"e2e","time":"2021-05-11T06:33:30Z"}
{"client_cert":"e2e","level":"info","msg":"received aggregator request","plugin_name":"e2e","time":"2021-05-11T06:33:32Z"}
{"client_cert":"e2e","level":"info","msg":"received aggregator request","plugin_name":"e2e","time":"2021-05-11T06:33:41Z"}
{"client_cert":"e2e","level":"info","msg":"received aggregator request","plugin_name":"e2e","time":"2021-05-11T06:33:55Z"}
{"client_cert":"e2e","level":"info","msg":"received aggregator request","plugin_name":"e2e","time":"2021-05-11T06:33:58Z"}
{"client_cert":"systemd-logs","level":"info","msg":"received aggregator request","node":"antrea-2021-05-11-77j3ob-worker","plugin_name":"systemd-logs","time":"2021-05-11T06:34:27Z"}
{"level":"error","msg":"Result processing error (409): result systemd-logs/antrea-2021-05-11-77j3ob-worker already received","time":"2021-05-11T06:34:27Z"}
{"client_cert":"systemd-logs","level":"info","msg":"received aggregator request","node":"antrea-2021-05-11-77j3ob-control-plane","plugin_name":"systemd-logs","time":"2021-05-11T06:34:38Z"}
{"level":"error","msg":"Result processing error (409): result systemd-logs/antrea-2021-05-11-77j3ob-control-plane already received","time":"2021-05-11T06:34:38Z"}
{"client_cert":"systemd-logs","level":"info","msg":"received aggregator request","node":"antrea-2021-05-11-77j3ob-worker2","plugin_name":"systemd-logs","time":"2021-05-11T06:34:41Z"}
{"level":"error","msg":"Result processing error (409): result systemd-logs/antrea-2021-05-11-77j3ob-worker2 already received","time":"2021-05-11T06:34:41Z"}
{"client_cert":"e2e","level":"info","msg":"received aggregator request","plugin_name":"e2e","time":"2021-05-11T06:35:28Z"}
{"client_cert":"e2e","level":"info","msg":"received aggregator request","plugin_name":"e2e","time":"2021-05-11T06:35:30Z"}
{"client_cert":"e2e","level":"info","msg":"received aggregator request","plugin_name":"e2e","time":"2021-05-11T06:35:32Z"}
{"client_cert":"e2e","level":"info","msg":"received aggregator request","plugin_name":"e2e","time":"2021-05-11T06:35:48Z"}
{"client_cert":"e2e","level":"info","msg":"received aggregator request","plugin_name":"e2e","time":"2021-05-11T06:36:21Z"}
{"client_cert":"e2e","level":"info","msg":"received aggregator request","plugin_name":"e2e","time":"2021-05-11T06:36:25Z"}
{"client_cert":"e2e","level":"info","msg":"received aggregator request","plugin_name":"e2e","time":"2021-05-11T06:36:27Z"}
{"client_cert":"e2e","level":"info","msg":"received aggregator request","plugin_name":"e2e","time":"2021-05-11T06:36:39Z"}
{"client_cert":"e2e","level":"info","msg":"received aggregator request","plugin_name":"e2e","time":"2021-05-11T06:36:42Z"}
{"client_cert":"e2e","level":"info","msg":"received aggregator request","plugin_name":"e2e","time":"2021-05-11T06:36:42Z"}
{"client_cert":"systemd-logs","level":"info","msg":"received aggregator request","node":"antrea-2021-05-11-77j3ob-worker","plugin_name":"systemd-logs","time":"2021-05-11T06:37:19Z"}
{"level":"error","msg":"Result processing error (409): result systemd-logs/antrea-2021-05-11-77j3ob-worker already received","time":"2021-05-11T06:37:19Z"}
{"client_cert":"systemd-logs","level":"info","msg":"received aggregator request","node":"antrea-2021-05-11-77j3ob-control-plane","plugin_name":"systemd-logs","time":"2021-05-11T06:37:25Z"}
{"level":"error","msg":"Result processing error (409): result systemd-logs/antrea-2021-05-11-77j3ob-control-plane already received","time":"2021-05-11T06:37:25Z"}
{"client_cert":"systemd-logs","level":"info","msg":"received aggregator request","node":"antrea-2021-05-11-77j3ob-worker2","plugin_name":"systemd-logs","time":"2021-05-11T06:37:29Z"}
{"level":"error","msg":"Result processing error (409): result systemd-logs/antrea-2021-05-11-77j3ob-worker2 already received","time":"2021-05-11T06:37:29Z"}
{"client_cert":"e2e","level":"info","msg":"received aggregator request","plugin_name":"e2e","time":"2021-05-11T06:39:00Z"}
{"client_cert":"e2e","level":"info","msg":"received aggregator request","plugin_name":"e2e","time":"2021-05-11T06:39:02Z"}
{"client_cert":"e2e","level":"info","msg":"received aggregator request","plugin_name":"e2e","time":"2021-05-11T06:39:07Z"}
{"client_cert":"e2e","level":"info","msg":"received aggregator request","plugin_name":"e2e","time":"2021-05-11T06:39:23Z"}
{"client_cert":"e2e","level":"info","msg":"received aggregator request","plugin_name":"e2e","time":"2021-05-11T06:39:26Z"}
{"client_cert":"e2e","level":"info","msg":"received aggregator request","plugin_name":"e2e","time":"2021-05-11T06:41:41Z"}
{"client_cert":"e2e","level":"info","msg":"received aggregator request","plugin_name":"e2e","time":"2021-05-11T06:41:44Z"}
{"client_cert":"systemd-logs","level":"info","msg":"received aggregator request","node":"antrea-2021-05-11-77j3ob-worker","plugin_name":"systemd-logs","time":"2021-05-11T06:42:23Z"}
{"level":"error","msg":"Result processing error (409): result systemd-logs/antrea-2021-05-11-77j3ob-worker already received","time":"2021-05-11T06:42:23Z"}
{"client_cert":"systemd-logs","level":"info","msg":"received aggregator request","node":"antrea-2021-05-11-77j3ob-control-plane","plugin_name":"systemd-logs","time":"2021-05-11T06:42:28Z"}
{"level":"error","msg":"Result processing error (409): result systemd-logs/antrea-2021-05-11-77j3ob-control-plane already received","time":"2021-05-11T06:42:28Z"}
{"client_cert":"systemd-logs","level":"info","msg":"received aggregator request","node":"antrea-2021-05-11-77j3ob-worker2","plugin_name":"systemd-logs","time":"2021-05-11T06:42:37Z"}
{"level":"error","msg":"Result processing error (409): result systemd-logs/antrea-2021-05-11-77j3ob-worker2 already received","time":"2021-05-11T06:42:37Z"}
{"client_cert":"e2e","level":"info","msg":"received aggregator request","plugin_name":"e2e","time":"2021-05-11T06:42:53Z"}
{"client_cert":"e2e","level":"info","msg":"received aggregator request","plugin_name":"e2e","time":"2021-05-11T06:42:53Z"}
{"client_cert":"e2e","level":"info","msg":"received aggregator request","plugin_name":"e2e","time":"2021-05-11T06:42:55Z"}
{"client_cert":"e2e","level":"info","msg":"received aggregator request","plugin_name":"e2e","time":"2021-05-11T06:42:59Z"}
{"client_cert":"e2e","level":"info","msg":"received aggregator request","plugin_name":"e2e","time":"2021-05-11T06:43:23Z"}
{"client_cert":"e2e","level":"info","msg":"received aggregator request","plugin_name":"e2e","time":"2021-05-11T06:43:26Z"}
{"client_cert":"e2e","level":"info","msg":"received aggregator request","plugin_name":"e2e","time":"2021-05-11T06:45:28Z"}
{"client_cert":"e2e","level":"info","msg":"received aggregator request","plugin_name":"e2e","time":"2021-05-11T06:45:32Z"}
{"client_cert":"e2e","level":"info","msg":"received aggregator request","plugin_name":"e2e","time":"2021-05-11T06:45:48Z"}
{"client_cert":"e2e","level":"info","msg":"received aggregator request","plugin_name":"e2e","time":"2021-05-11T06:45:50Z"}
{"client_cert":"e2e","level":"info","msg":"received aggregator request","plugin_name":"e2e","time":"2021-05-11T06:45:51Z"}
{"client_cert":"e2e","level":"info","msg":"received aggregator request","plugin_name":"e2e","time":"2021-05-11T06:45:52Z"}
{"client_cert":"e2e","level":"info","msg":"received aggregator request","plugin_name":"e2e","time":"2021-05-11T06:45:52Z"}
{"client_cert":"e2e","level":"info","msg":"received aggregator request","plugin_name":"e2e","time":"2021-05-11T06:46:03Z"}
{"client_cert":"e2e","level":"info","msg":"received aggregator request","plugin_name":"e2e","time":"2021-05-11T06:46:10Z"}
{"client_cert":"e2e","level":"info","msg":"received aggregator request","plugin_name":"e2e","time":"2021-05-11T06:46:12Z"}
{"client_cert":"e2e","level":"info","msg":"received aggregator request","plugin_name":"e2e","time":"2021-05-11T06:46:59Z"}
{"client_cert":"e2e","level":"info","msg":"received aggregator request","plugin_name":"e2e","time":"2021-05-11T06:47:01Z"}
{"client_cert":"e2e","level":"info","msg":"received aggregator request","plugin_name":"e2e","time":"2021-05-11T06:47:05Z"}
{"client_cert":"systemd-logs","level":"info","msg":"received aggregator request","node":"antrea-2021-05-11-77j3ob-worker","plugin_name":"systemd-logs","time":"2021-05-11T06:47:29Z"}
{"level":"error","msg":"Result processing error (409): result systemd-logs/antrea-2021-05-11-77j3ob-worker already received","time":"2021-05-11T06:47:29Z"}
{"client_cert":"systemd-logs","level":"info","msg":"received aggregator request","node":"antrea-2021-05-11-77j3ob-control-plane","plugin_name":"systemd-logs","time":"2021-05-11T06:47:35Z"}
{"level":"error","msg":"Result processing error (409): result systemd-logs/antrea-2021-05-11-77j3ob-control-plane already received","time":"2021-05-11T06:47:35Z"}
{"client_cert":"systemd-logs","level":"info","msg":"received aggregator request","node":"antrea-2021-05-11-77j3ob-worker2","plugin_name":"systemd-logs","time":"2021-05-11T06:47:47Z"}
{"level":"error","msg":"Result processing error (409): result systemd-logs/antrea-2021-05-11-77j3ob-worker2 already received","time":"2021-05-11T06:47:47Z"}
{"client_cert":"e2e","level":"info","msg":"received aggregator request","plugin_name":"e2e","time":"2021-05-11T06:47:48Z"}
{"client_cert":"e2e","level":"info","msg":"received aggregator request","plugin_name":"e2e","time":"2021-05-11T06:47:58Z"}
{"client_cert":"e2e","level":"info","msg":"received aggregator request","plugin_name":"e2e","time":"2021-05-11T06:48:00Z"}
{"client_cert":"e2e","level":"info","msg":"received aggregator request","plugin_name":"e2e","time":"2021-05-11T06:48:02Z"}
{"client_cert":"e2e","level":"info","msg":"received aggregator request","plugin_name":"e2e","time":"2021-05-11T06:49:03Z"}
{"client_cert":"e2e","level":"info","msg":"received aggregator request","plugin_name":"e2e","time":"2021-05-11T06:49:03Z"}
{"client_cert":"e2e","level":"info","msg":"received aggregator request","plugin_name":"e2e","time":"2021-05-11T06:49:26Z"}
{"client_cert":"e2e","level":"info","msg":"received aggregator request","plugin_name":"e2e","time":"2021-05-11T06:49:28Z"}
{"client_cert":"e2e","level":"info","msg":"received aggregator request","plugin_name":"e2e","time":"2021-05-11T06:49:33Z"}
{"client_cert":"e2e","level":"info","msg":"received aggregator request","plugin_name":"e2e","time":"2021-05-11T06:49:35Z"}
{"client_cert":"e2e","level":"info","msg":"received aggregator request","plugin_name":"e2e","time":"2021-05-11T06:49:37Z"}
{"client_cert":"e2e","level":"info","msg":"received aggregator request","plugin_name":"e2e","time":"2021-05-11T06:49:39Z"}
{"client_cert":"e2e","level":"info","msg":"received aggregator request","plugin_name":"e2e","time":"2021-05-11T06:49:48Z"}
{"client_cert":"e2e","level":"info","msg":"received aggregator request","plugin_name":"e2e","time":"2021-05-11T06:49:48Z"}
{"client_cert":"e2e","level":"info","msg":"received aggregator request","plugin_name":"e2e","time":"2021-05-11T06:49:51Z"}
{"client_cert":"systemd-logs","level":"info","msg":"received aggregator request","node":"antrea-2021-05-11-77j3ob-worker","plugin_name":"systemd-logs","time":"2021-05-11T06:52:41Z"}
{"level":"error","msg":"Result processing error (409): result systemd-logs/antrea-2021-05-11-77j3ob-worker already received","time":"2021-05-11T06:52:41Z"}
{"client_cert":"systemd-logs","level":"info","msg":"received aggregator request","node":"antrea-2021-05-11-77j3ob-control-plane","plugin_name":"systemd-logs","time":"2021-05-11T06:52:44Z"}
{"level":"error","msg":"Result processing error (409): result systemd-logs/antrea-2021-05-11-77j3ob-control-plane already received","time":"2021-05-11T06:52:44Z"}
{"client_cert":"systemd-logs","level":"info","msg":"received aggregator request","node":"antrea-2021-05-11-77j3ob-worker2","plugin_name":"systemd-logs","time":"2021-05-11T06:52:51Z"}
{"level":"error","msg":"Result processing error (409): result systemd-logs/antrea-2021-05-11-77j3ob-worker2 already received","time":"2021-05-11T06:52:51Z"}
{"client_cert":"e2e","level":"info","msg":"received aggregator request","plugin_name":"e2e","time":"2021-05-11T06:53:55Z"}
{"client_cert":"e2e","level":"info","msg":"received aggregator request","plugin_name":"e2e","time":"2021-05-11T06:53:57Z"}
{"client_cert":"e2e","level":"info","msg":"received aggregator request","plugin_name":"e2e","time":"2021-05-11T06:53:57Z"}
{"client_cert":"e2e","level":"info","msg":"received aggregator request","plugin_name":"e2e","time":"2021-05-11T06:55:28Z"}
{"client_cert":"systemd-logs","level":"info","msg":"received aggregator request","node":"antrea-2021-05-11-77j3ob-worker","plugin_name":"systemd-logs","time":"2021-05-11T06:57:51Z"}
{"level":"error","msg":"Result processing error (409): result systemd-logs/antrea-2021-05-11-77j3ob-worker already received","time":"2021-05-11T06:57:51Z"}
{"client_cert":"systemd-logs","level":"info","msg":"received aggregator request","node":"antrea-2021-05-11-77j3ob-control-plane","plugin_name":"systemd-logs","time":"2021-05-11T06:57:51Z"}
{"level":"error","msg":"Result processing error (409): result systemd-logs/antrea-2021-05-11-77j3ob-control-plane already received","time":"2021-05-11T06:57:51Z"}
{"client_cert":"systemd-logs","level":"info","msg":"received aggregator request","node":"antrea-2021-05-11-77j3ob-worker2","plugin_name":"systemd-logs","time":"2021-05-11T06:57:59Z"}
{"level":"error","msg":"Result processing error (409): result systemd-logs/antrea-2021-05-11-77j3ob-worker2 already received","time":"2021-05-11T06:57:59Z"}
{"client_cert":"e2e","level":"info","msg":"received aggregator request","plugin_name":"e2e","time":"2021-05-11T06:59:31Z"}
{"client_cert":"e2e","level":"info","msg":"received aggregator request","plugin_name":"e2e","time":"2021-05-11T06:59:38Z"}
{"client_cert":"e2e","level":"info","msg":"received aggregator request","plugin_name":"e2e","time":"2021-05-11T07:00:38Z"}
{"client_cert":"e2e","level":"info","msg":"received aggregator request","plugin_name":"e2e","time":"2021-05-11T07:00:51Z"}
{"client_cert":"e2e","level":"info","msg":"received aggregator request","plugin_name":"e2e","time":"2021-05-11T07:01:58Z"}
{"client_cert":"e2e","level":"info","msg":"received aggregator request","plugin_name":"e2e","time":"2021-05-11T07:02:00Z"}
{"client_cert":"e2e","level":"info","msg":"received aggregator request","plugin_name":"e2e","time":"2021-05-11T07:02:18Z"}
{"client_cert":"e2e","level":"info","msg":"received aggregator request","plugin_name":"e2e","time":"2021-05-11T07:02:20Z"}
{"client_cert":"e2e","level":"info","msg":"received aggregator request","plugin_name":"e2e","time":"2021-05-11T07:02:30Z"}
{"client_cert":"e2e","level":"info","msg":"received aggregator request","plugin_name":"e2e","time":"2021-05-11T07:02:36Z"}
{"client_cert":"e2e","level":"info","msg":"received aggregator request","plugin_name":"e2e","time":"2021-05-11T07:02:38Z"}
{"client_cert":"e2e","level":"info","msg":"received aggregator request","plugin_name":"e2e","time":"2021-05-11T07:02:39Z"}
{"client_cert":"e2e","level":"info","msg":"received aggregator request","plugin_name":"e2e","time":"2021-05-11T07:02:41Z"}
{"client_cert":"e2e","level":"info","msg":"received aggregator request","plugin_name":"e2e","time":"2021-05-11T07:02:41Z"}
{"client_cert":"e2e","level":"info","msg":"received aggregator request","plugin_name":"e2e","time":"2021-05-11T07:02:43Z"}
{"client_cert":"e2e","level":"info","msg":"received aggregator request","plugin_name":"e2e","time":"2021-05-11T07:02:49Z"}
{"client_cert":"e2e","level":"info","msg":"received aggregator request","plugin_name":"e2e","time":"2021-05-11T07:02:50Z"}
{"client_cert":"systemd-logs","level":"info","msg":"received aggregator request","node":"antrea-2021-05-11-77j3ob-control-plane","plugin_name":"systemd-logs","time":"2021-05-11T07:02:53Z"}
{"level":"error","msg":"Result processing error (409): result systemd-logs/antrea-2021-05-11-77j3ob-control-plane already received","time":"2021-05-11T07:02:53Z"}
{"client_cert":"systemd-logs","level":"info","msg":"received aggregator request","node":"antrea-2021-05-11-77j3ob-worker","plugin_name":"systemd-logs","time":"2021-05-11T07:03:02Z"}
{"level":"error","msg":"Result processing error (409): result systemd-logs/antrea-2021-05-11-77j3ob-worker already received","time":"2021-05-11T07:03:02Z"}
{"client_cert":"systemd-logs","level":"info","msg":"received aggregator request","node":"antrea-2021-05-11-77j3ob-worker2","plugin_name":"systemd-logs","time":"2021-05-11T07:03:07Z"}
{"level":"error","msg":"Result processing error (409): result systemd-logs/antrea-2021-05-11-77j3ob-worker2 already received","time":"2021-05-11T07:03:07Z"}
{"client_cert":"e2e","level":"info","msg":"received aggregator request","plugin_name":"e2e","time":"2021-05-11T07:04:08Z"}
{"client_cert":"e2e","level":"info","msg":"received aggregator request","plugin_name":"e2e","time":"2021-05-11T07:04:28Z"}
{"client_cert":"e2e","level":"info","msg":"received aggregator request","plugin_name":"e2e","time":"2021-05-11T07:04:30Z"}
{"client_cert":"e2e","level":"info","msg":"received aggregator request","plugin_name":"e2e","time":"2021-05-11T07:05:42Z"}
{"client_cert":"e2e","level":"info","msg":"received aggregator request","plugin_name":"e2e","time":"2021-05-11T07:07:08Z"}
{"client_cert":"e2e","level":"info","msg":"received aggregator request","plugin_name":"e2e","time":"2021-05-11T07:07:15Z"}
{"client_cert":"e2e","level":"info","msg":"received aggregator request","plugin_name":"e2e","time":"2021-05-11T07:07:15Z"}
{"client_cert":"e2e","level":"info","msg":"received aggregator request","plugin_name":"e2e","time":"2021-05-11T07:07:15Z"}
{"client_cert":"systemd-logs","level":"info","msg":"received aggregator request","node":"antrea-2021-05-11-77j3ob-control-plane","plugin_name":"systemd-logs","time":"2021-05-11T07:07:59Z"}
{"level":"error","msg":"Result processing error (409): result systemd-logs/antrea-2021-05-11-77j3ob-control-plane already received","time":"2021-05-11T07:07:59Z"}
{"client_cert":"systemd-logs","level":"info","msg":"received aggregator request","node":"antrea-2021-05-11-77j3ob-worker","plugin_name":"systemd-logs","time":"2021-05-11T07:08:04Z"}
{"level":"error","msg":"Result processing error (409): result systemd-logs/antrea-2021-05-11-77j3ob-worker already received","time":"2021-05-11T07:08:04Z"}
{"client_cert":"systemd-logs","level":"info","msg":"received aggregator request","node":"antrea-2021-05-11-77j3ob-worker2","plugin_name":"systemd-logs","time":"2021-05-11T07:08:15Z"}
{"level":"error","msg":"Result processing error (409): result systemd-logs/antrea-2021-05-11-77j3ob-worker2 already received","time":"2021-05-11T07:08:15Z"}
{"client_cert":"e2e","level":"info","msg":"received aggregator request","plugin_name":"e2e","time":"2021-05-11T07:08:41Z"}
{"client_cert":"e2e","level":"info","msg":"received aggregator request","plugin_name":"e2e","time":"2021-05-11T07:08:50Z"}
{"client_cert":"e2e","level":"info","msg":"received aggregator request","plugin_name":"e2e","time":"2021-05-11T07:08:57Z"}
{"client_cert":"e2e","level":"info","msg":"received aggregator request","plugin_name":"e2e","time":"2021-05-11T07:08:59Z"}
{"client_cert":"e2e","level":"info","msg":"received aggregator request","plugin_name":"e2e","time":"2021-05-11T07:08:59Z"}
{"client_cert":"e2e","level":"info","msg":"received aggregator request","plugin_name":"e2e","time":"2021-05-11T07:09:01Z"}
{"client_cert":"e2e","level":"info","msg":"received aggregator request","plugin_name":"e2e","time":"2021-05-11T07:09:04Z"}
{"client_cert":"e2e","level":"info","msg":"received aggregator request","plugin_name":"e2e","time":"2021-05-11T07:10:07Z"}
{"client_cert":"e2e","level":"info","msg":"received aggregator request","plugin_name":"e2e","time":"2021-05-11T07:10:12Z"}
{"client_cert":"e2e","level":"info","msg":"received aggregator request","plugin_name":"e2e","time":"2021-05-11T07:10:59Z"}
{"client_cert":"e2e","level":"info","msg":"received aggregator request","plugin_name":"e2e","time":"2021-05-11T07:11:01Z"}
{"client_cert":"e2e","level":"info","msg":"received aggregator request","plugin_name":"e2e","time":"2021-05-11T07:11:17Z"}
{"client_cert":"e2e","level":"info","msg":"received aggregator request","plugin_name":"e2e","time":"2021-05-11T07:11:39Z"}
{"client_cert":"e2e","level":"info","msg":"received aggregator request","plugin_name":"e2e","time":"2021-05-11T07:11:40Z"}
{"client_cert":"e2e","level":"info","msg":"received aggregator request","plugin_name":"e2e","time":"2021-05-11T07:11:41Z"}
{"level":"info","msg":"Last update to annotations on exit","time":"2021-05-11T07:11:41Z"}
{"level":"info","msg":"Shutting down aggregation server","time":"2021-05-11T07:11:41Z"}
{"level":"info","msg":"csidrivers not specified in non-nil Resources. Skipping csidrivers query.","time":"2021-05-11T07:11:41Z"}
{"level":"info","msg":"csinodes not specified in non-nil Resources. Skipping csinodes query.","time":"2021-05-11T07:11:41Z"}
{"level":"info","msg":"prioritylevelconfigurations not specified in non-nil Resources. Skipping prioritylevelconfigurations query.","time":"2021-05-11T07:11:41Z"}
{"level":"info","msg":"flowschemas not specified in non-nil Resources. Skipping flowschemas query.","time":"2021-05-11T07:11:41Z"}
{"level":"info","msg":"clustergroups not specified in non-nil Resources. Skipping clustergroups query.","time":"2021-05-11T07:11:41Z"}
{"level":"info","msg":"egresses not specified in non-nil Resources. Skipping egresses query.","time":"2021-05-11T07:11:41Z"}
{"level":"info","msg":"egressgroups not specified in non-nil Resources. Skipping egressgroups query.","time":"2021-05-11T07:11:41Z"}
{"level":"info","msg":"addressgroups not specified in non-nil Resources. Skipping addressgroups query.","time":"2021-05-11T07:11:41Z"}
{"level":"info","msg":"appliedtogroups not specified in non-nil Resources. Skipping appliedtogroups query.","time":"2021-05-11T07:11:41Z"}
{"level":"info","msg":"antreaagentinfos not specified in non-nil Resources. Skipping antreaagentinfos query.","time":"2021-05-11T07:11:41Z"}
{"level":"info","msg":"antreacontrollerinfos not specified in non-nil Resources. Skipping antreacontrollerinfos query.","time":"2021-05-11T07:11:41Z"}
{"level":"info","msg":"clusternetworkpolicies not specified in non-nil Resources. Skipping clusternetworkpolicies query.","time":"2021-05-11T07:11:41Z"}
{"level":"info","msg":"tiers not specified in non-nil Resources. Skipping tiers query.","time":"2021-05-11T07:11:41Z"}
{"level":"info","msg":"traceflows not specified in non-nil Resources. Skipping traceflows query.","time":"2021-05-11T07:11:41Z"}
{"level":"info","msg":"antreaclusternetworkpolicystats not specified in non-nil Resources. Skipping antreaclusternetworkpolicystats query.","time":"2021-05-11T07:11:41Z"}
{"level":"info","msg":"ingressclasses not specified in non-nil Resources. Skipping ingressclasses query.","time":"2021-05-11T07:11:41Z"}
{"level":"info","msg":"controllerinfos not specified in non-nil Resources. Skipping controllerinfos query.","time":"2021-05-11T07:11:41Z"}
{"level":"info","msg":"runtimeclasses not specified in non-nil Resources. Skipping runtimeclasses query.","time":"2021-05-11T07:11:41Z"}
{"level":"info","msg":"endpointslices not specified in non-nil Resources. Skipping endpointslices query.","time":"2021-05-11T07:11:41Z"}
{"level":"info","msg":"antreanetworkpolicystats not specified in non-nil Resources. Skipping antreanetworkpolicystats query.","time":"2021-05-11T07:11:41Z"}
{"level":"info","msg":"networkpolicystats not specified in non-nil Resources. Skipping networkpolicystats query.","time":"2021-05-11T07:11:41Z"}
{"level":"info","msg":"horizontalpodautoscalers not specified in non-nil Resources. Skipping horizontalpodautoscalers query.","time":"2021-05-11T07:11:41Z"}
{"level":"info","msg":"events not specified in non-nil Resources. Skipping events query.","time":"2021-05-11T07:11:41Z"}
{"level":"info","msg":"secrets not specified in non-nil Resources. Skipping secrets query.","time":"2021-05-11T07:11:41Z"}
{"level":"info","msg":"externalentities not specified in non-nil Resources. Skipping externalentities query.","time":"2021-05-11T07:11:41Z"}
{"level":"info","msg":"Collecting Node Configuration and Health...","time":"2021-05-11T07:11:41Z"}
{"level":"info","msg":"Creating host results for antrea-2021-05-11-77j3ob-control-plane under /tmp/sonobuoy/37e9ed52-2b2c-4861-99ce-f44d99efe865/hosts/antrea-2021-05-11-77j3ob-control-plane\n","time":"2021-05-11T07:11:41Z"}
{"level":"info","msg":"Creating host results for antrea-2021-05-11-77j3ob-worker under /tmp/sonobuoy/37e9ed52-2b2c-4861-99ce-f44d99efe865/hosts/antrea-2021-05-11-77j3ob-worker\n","time":"2021-05-11T07:11:41Z"}
{"level":"info","msg":"Creating host results for antrea-2021-05-11-77j3ob-worker2 under /tmp/sonobuoy/37e9ed52-2b2c-4861-99ce-f44d99efe865/hosts/antrea-2021-05-11-77j3ob-worker2\n","time":"2021-05-11T07:11:41Z"}
{"level":"info","msg":"Running cluster queries","time":"2021-05-11T07:11:41Z"}
{"level":"info","msg":"Running ns query (default)","time":"2021-05-11T07:11:41Z"}
{"level":"info","msg":"Running ns query (kube-node-lease)","time":"2021-05-11T07:11:41Z"}
{"level":"info","msg":"Running ns query (kube-public)","time":"2021-05-11T07:11:41Z"}
{"level":"info","msg":"Running ns query (kube-system)","time":"2021-05-11T07:11:42Z"}
{"level":"info","msg":"Running ns query (local-path-storage)","time":"2021-05-11T07:11:43Z"}
{"level":"info","msg":"Running ns query (sonobuoy)","time":"2021-05-11T07:11:43Z"}
{"level":"info","msg":"Namespace crd-publish-openapi-5118 Matched=false","time":"2021-05-11T07:11:44Z"}
{"level":"info","msg":"Namespace default Matched=false","time":"2021-05-11T07:11:44Z"}
{"level":"info","msg":"Namespace kube-node-lease Matched=false","time":"2021-05-11T07:11:44Z"}
{"level":"info","msg":"Namespace kube-public Matched=false","time":"2021-05-11T07:11:44Z"}
{"level":"info","msg":"Namespace kube-system Matched=false","time":"2021-05-11T07:11:44Z"}
{"level":"info","msg":"Namespace local-path-storage Matched=false","time":"2021-05-11T07:11:44Z"}
{"level":"info","msg":"Namespace sonobuoy Matched=true","time":"2021-05-11T07:11:44Z"}
{"level":"info","msg":"Collecting Pod Logs by namespace (sonobuoy)","time":"2021-05-11T07:11:44Z"}
{"level":"info","msg":"Collecting Pod Logs by FieldSelectors []","time":"2021-05-11T07:11:44Z"}
{"level":"info","msg":"Log lines after this point will not appear in the downloaded tarball.","time":"2021-05-11T07:11:44Z"}
