{"level":"info","msg":"Filtering namespaces based on the following regex:.*","time":"2021-05-11T15:09:07Z"}
{"level":"info","msg":"Namespace default Matched=true","time":"2021-05-11T15:09:07Z"}
{"level":"info","msg":"Namespace kube-node-lease Matched=true","time":"2021-05-11T15:09:07Z"}
{"level":"info","msg":"Namespace kube-public Matched=true","time":"2021-05-11T15:09:07Z"}
{"level":"info","msg":"Namespace kube-system Matched=true","time":"2021-05-11T15:09:07Z"}
{"level":"info","msg":"Namespace local-path-storage Matched=true","time":"2021-05-11T15:09:07Z"}
{"level":"info","msg":"Namespace sonobuoy Matched=true","time":"2021-05-11T15:09:07Z"}
{"level":"info","msg":"Starting server Expected Results: [{antrea-2021-05-11-iipfwk-control-plane systemd-logs} {antrea-2021-05-11-iipfwk-worker systemd-logs} {antrea-2021-05-11-iipfwk-worker2 systemd-logs} {global e2e}]","time":"2021-05-11T15:09:07Z"}
{"level":"info","msg":"Starting annotation update routine","time":"2021-05-11T15:09:07Z"}
{"address":"0.0.0.0","level":"info","msg":"Starting aggregation server","port":8080,"time":"2021-05-11T15:09:07Z"}
{"level":"info","msg":"Running plugin","plugin":"systemd-logs","time":"2021-05-11T15:09:07Z"}
{"level":"info","msg":"Running plugin","plugin":"e2e","time":"2021-05-11T15:09:07Z"}
{"client_cert":"systemd-logs","level":"info","msg":"received aggregator request","node":"antrea-2021-05-11-iipfwk-worker","plugin_name":"systemd-logs","time":"2021-05-11T15:09:29Z"}
{"client_cert":"systemd-logs","level":"info","msg":"received aggregator request","node":"antrea-2021-05-11-iipfwk-worker2","plugin_name":"systemd-logs","time":"2021-05-11T15:09:31Z"}
{"client_cert":"systemd-logs","level":"info","msg":"received aggregator request","node":"antrea-2021-05-11-iipfwk-control-plane","plugin_name":"systemd-logs","time":"2021-05-11T15:09:31Z"}
{"client_cert":"e2e","level":"info","msg":"received aggregator request","plugin_name":"e2e","time":"2021-05-11T15:09:36Z"}
{"client_cert":"e2e","level":"info","msg":"received aggregator request","plugin_name":"e2e","time":"2021-05-11T15:10:51Z"}
{"client_cert":"e2e","level":"info","msg":"received aggregator request","plugin_name":"e2e","time":"2021-05-11T15:10:57Z"}
{"client_cert":"e2e","level":"info","msg":"received aggregator request","plugin_name":"e2e","time":"2021-05-11T15:10:57Z"}
{"client_cert":"e2e","level":"info","msg":"received aggregator request","plugin_name":"e2e","time":"2021-05-11T15:10:59Z"}
{"client_cert":"e2e","level":"info","msg":"received aggregator request","plugin_name":"e2e","time":"2021-05-11T15:11:01Z"}
{"client_cert":"e2e","level":"info","msg":"received aggregator request","plugin_name":"e2e","time":"2021-05-11T15:11:34Z"}
{"client_cert":"e2e","level":"info","msg":"received aggregator request","plugin_name":"e2e","time":"2021-05-11T15:11:34Z"}
{"client_cert":"e2e","level":"info","msg":"received aggregator request","plugin_name":"e2e","time":"2021-05-11T15:11:34Z"}
{"client_cert":"e2e","level":"info","msg":"received aggregator request","plugin_name":"e2e","time":"2021-05-11T15:11:37Z"}
{"client_cert":"e2e","level":"info","msg":"received aggregator request","plugin_name":"e2e","time":"2021-05-11T15:11:43Z"}
{"client_cert":"e2e","level":"info","msg":"received aggregator request","plugin_name":"e2e","time":"2021-05-11T15:11:53Z"}
{"client_cert":"e2e","level":"info","msg":"received aggregator request","plugin_name":"e2e","time":"2021-05-11T15:11:57Z"}
{"client_cert":"e2e","level":"info","msg":"received aggregator request","plugin_name":"e2e","time":"2021-05-11T15:11:59Z"}
{"client_cert":"e2e","level":"info","msg":"received aggregator request","plugin_name":"e2e","time":"2021-05-11T15:11:59Z"}
{"client_cert":"e2e","level":"info","msg":"received aggregator request","plugin_name":"e2e","time":"2021-05-11T15:11:59Z"}
{"client_cert":"e2e","level":"info","msg":"received aggregator request","plugin_name":"e2e","time":"2021-05-11T15:12:01Z"}
{"client_cert":"e2e","level":"info","msg":"received aggregator request","plugin_name":"e2e","time":"2021-05-11T15:12:03Z"}
{"client_cert":"e2e","level":"info","msg":"received aggregator request","plugin_name":"e2e","time":"2021-05-11T15:12:25Z"}
{"client_cert":"e2e","level":"info","msg":"received aggregator request","plugin_name":"e2e","time":"2021-05-11T15:12:25Z"}
{"client_cert":"e2e","level":"info","msg":"received aggregator request","plugin_name":"e2e","time":"2021-05-11T15:12:28Z"}
{"client_cert":"e2e","level":"info","msg":"received aggregator request","plugin_name":"e2e","time":"2021-05-11T15:12:30Z"}
{"client_cert":"e2e","level":"info","msg":"received aggregator request","plugin_name":"e2e","time":"2021-05-11T15:12:30Z"}
{"client_cert":"e2e","level":"info","msg":"received aggregator request","plugin_name":"e2e","time":"2021-05-11T15:12:32Z"}
{"client_cert":"e2e","level":"info","msg":"received aggregator request","plugin_name":"e2e","time":"2021-05-11T15:12:38Z"}
{"client_cert":"e2e","level":"info","msg":"received aggregator request","plugin_name":"e2e","time":"2021-05-11T15:12:54Z"}
{"client_cert":"e2e","level":"info","msg":"received aggregator request","plugin_name":"e2e","time":"2021-05-11T15:12:57Z"}
{"client_cert":"e2e","level":"info","msg":"received aggregator request","plugin_name":"e2e","time":"2021-05-11T15:12:59Z"}
{"client_cert":"e2e","level":"info","msg":"received aggregator request","plugin_name":"e2e","time":"2021-05-11T15:13:01Z"}
{"client_cert":"e2e","level":"info","msg":"received aggregator request","plugin_name":"e2e","time":"2021-05-11T15:13:02Z"}
{"client_cert":"e2e","level":"info","msg":"received aggregator request","plugin_name":"e2e","time":"2021-05-11T15:13:10Z"}
{"client_cert":"e2e","level":"info","msg":"received aggregator request","plugin_name":"e2e","time":"2021-05-11T15:13:20Z"}
{"client_cert":"e2e","level":"info","msg":"received aggregator request","plugin_name":"e2e","time":"2021-05-11T15:13:24Z"}
{"client_cert":"e2e","level":"info","msg":"received aggregator request","plugin_name":"e2e","time":"2021-05-11T15:13:26Z"}
{"client_cert":"e2e","level":"info","msg":"received aggregator request","plugin_name":"e2e","time":"2021-05-11T15:13:30Z"}
{"client_cert":"e2e","level":"info","msg":"received aggregator request","plugin_name":"e2e","time":"2021-05-11T15:13:34Z"}
{"client_cert":"e2e","level":"info","msg":"received aggregator request","plugin_name":"e2e","time":"2021-05-11T15:14:50Z"}
{"client_cert":"e2e","level":"info","msg":"received aggregator request","plugin_name":"e2e","time":"2021-05-11T15:15:50Z"}
{"client_cert":"e2e","level":"info","msg":"received aggregator request","plugin_name":"e2e","time":"2021-05-11T15:15:52Z"}
{"client_cert":"e2e","level":"info","msg":"received aggregator request","plugin_name":"e2e","time":"2021-05-11T15:15:54Z"}
{"client_cert":"e2e","level":"info","msg":"received aggregator request","plugin_name":"e2e","time":"2021-05-11T15:16:10Z"}
{"client_cert":"e2e","level":"info","msg":"received aggregator request","plugin_name":"e2e","time":"2021-05-11T15:16:12Z"}
{"client_cert":"e2e","level":"info","msg":"received aggregator request","plugin_name":"e2e","time":"2021-05-11T15:16:12Z"}
{"client_cert":"e2e","level":"info","msg":"received aggregator request","plugin_name":"e2e","time":"2021-05-11T15:16:19Z"}
{"client_cert":"e2e","level":"info","msg":"received aggregator request","plugin_name":"e2e","time":"2021-05-11T15:16:51Z"}
{"client_cert":"e2e","level":"info","msg":"received aggregator request","plugin_name":"e2e","time":"2021-05-11T15:16:58Z"}
{"client_cert":"e2e","level":"info","msg":"received aggregator request","plugin_name":"e2e","time":"2021-05-11T15:17:00Z"}
{"client_cert":"e2e","level":"info","msg":"received aggregator request","plugin_name":"e2e","time":"2021-05-11T15:17:04Z"}
{"client_cert":"e2e","level":"info","msg":"received aggregator request","plugin_name":"e2e","time":"2021-05-11T15:17:04Z"}
{"client_cert":"e2e","level":"info","msg":"received aggregator request","plugin_name":"e2e","time":"2021-05-11T15:17:20Z"}
{"client_cert":"e2e","level":"info","msg":"received aggregator request","plugin_name":"e2e","time":"2021-05-11T15:18:32Z"}
{"client_cert":"e2e","level":"info","msg":"received aggregator request","plugin_name":"e2e","time":"2021-05-11T15:18:35Z"}
{"client_cert":"e2e","level":"info","msg":"received aggregator request","plugin_name":"e2e","time":"2021-05-11T15:18:56Z"}
{"client_cert":"e2e","level":"info","msg":"received aggregator request","plugin_name":"e2e","time":"2021-05-11T15:18:56Z"}
{"client_cert":"e2e","level":"info","msg":"received aggregator request","plugin_name":"e2e","time":"2021-05-11T15:18:58Z"}
{"client_cert":"e2e","level":"info","msg":"received aggregator request","plugin_name":"e2e","time":"2021-05-11T15:19:00Z"}
{"client_cert":"e2e","level":"info","msg":"received aggregator request","plugin_name":"e2e","time":"2021-05-11T15:19:04Z"}
{"client_cert":"e2e","level":"info","msg":"received aggregator request","plugin_name":"e2e","time":"2021-05-11T15:19:08Z"}
{"client_cert":"e2e","level":"info","msg":"received aggregator request","plugin_name":"e2e","time":"2021-05-11T15:19:41Z"}
{"client_cert":"e2e","level":"info","msg":"received aggregator request","plugin_name":"e2e","time":"2021-05-11T15:20:43Z"}
{"client_cert":"e2e","level":"info","msg":"received aggregator request","plugin_name":"e2e","time":"2021-05-11T15:20:43Z"}
{"client_cert":"e2e","level":"info","msg":"received aggregator request","plugin_name":"e2e","time":"2021-05-11T15:21:11Z"}
{"client_cert":"e2e","level":"info","msg":"received aggregator request","plugin_name":"e2e","time":"2021-05-11T15:21:31Z"}
{"client_cert":"e2e","level":"info","msg":"received aggregator request","plugin_name":"e2e","time":"2021-05-11T15:21:51Z"}
{"client_cert":"e2e","level":"info","msg":"received aggregator request","plugin_name":"e2e","time":"2021-05-11T15:24:02Z"}
{"client_cert":"e2e","level":"info","msg":"received aggregator request","plugin_name":"e2e","time":"2021-05-11T15:24:04Z"}
{"client_cert":"e2e","level":"info","msg":"received aggregator request","plugin_name":"e2e","time":"2021-05-11T15:28:07Z"}
{"client_cert":"e2e","level":"info","msg":"received aggregator request","plugin_name":"e2e","time":"2021-05-11T15:28:13Z"}
{"client_cert":"e2e","level":"info","msg":"received aggregator request","plugin_name":"e2e","time":"2021-05-11T15:28:43Z"}
{"client_cert":"e2e","level":"info","msg":"received aggregator request","plugin_name":"e2e","time":"2021-05-11T15:29:00Z"}
{"client_cert":"e2e","level":"info","msg":"received aggregator request","plugin_name":"e2e","time":"2021-05-11T15:29:02Z"}
{"client_cert":"e2e","level":"info","msg":"received aggregator request","plugin_name":"e2e","time":"2021-05-11T15:29:05Z"}
{"client_cert":"e2e","level":"info","msg":"received aggregator request","plugin_name":"e2e","time":"2021-05-11T15:29:07Z"}
{"client_cert":"e2e","level":"info","msg":"received aggregator request","plugin_name":"e2e","time":"2021-05-11T15:29:15Z"}
{"client_cert":"e2e","level":"info","msg":"received aggregator request","plugin_name":"e2e","time":"2021-05-11T15:29:16Z"}
{"client_cert":"e2e","level":"info","msg":"received aggregator request","plugin_name":"e2e","time":"2021-05-11T15:29:20Z"}
{"client_cert":"e2e","level":"info","msg":"received aggregator request","plugin_name":"e2e","time":"2021-05-11T15:29:26Z"}
{"client_cert":"e2e","level":"info","msg":"received aggregator request","plugin_name":"e2e","time":"2021-05-11T15:30:36Z"}
{"client_cert":"e2e","level":"info","msg":"received aggregator request","plugin_name":"e2e","time":"2021-05-11T15:31:00Z"}
{"client_cert":"e2e","level":"info","msg":"received aggregator request","plugin_name":"e2e","time":"2021-05-11T15:32:14Z"}
{"client_cert":"e2e","level":"info","msg":"received aggregator request","plugin_name":"e2e","time":"2021-05-11T15:32:16Z"}
{"client_cert":"e2e","level":"info","msg":"received aggregator request","plugin_name":"e2e","time":"2021-05-11T15:32:16Z"}
{"client_cert":"e2e","level":"info","msg":"received aggregator request","plugin_name":"e2e","time":"2021-05-11T15:32:19Z"}
{"client_cert":"e2e","level":"info","msg":"received aggregator request","plugin_name":"e2e","time":"2021-05-11T15:32:22Z"}
{"client_cert":"e2e","level":"info","msg":"received aggregator request","plugin_name":"e2e","time":"2021-05-11T15:32:24Z"}
{"client_cert":"e2e","level":"info","msg":"received aggregator request","plugin_name":"e2e","time":"2021-05-11T15:32:28Z"}
{"client_cert":"e2e","level":"info","msg":"received aggregator request","plugin_name":"e2e","time":"2021-05-11T15:32:37Z"}
{"client_cert":"e2e","level":"info","msg":"received aggregator request","plugin_name":"e2e","time":"2021-05-11T15:32:37Z"}
{"client_cert":"e2e","level":"info","msg":"received aggregator request","plugin_name":"e2e","time":"2021-05-11T15:32:58Z"}
{"client_cert":"e2e","level":"info","msg":"received aggregator request","plugin_name":"e2e","time":"2021-05-11T15:33:00Z"}
{"client_cert":"e2e","level":"info","msg":"received aggregator request","plugin_name":"e2e","time":"2021-05-11T15:33:03Z"}
{"client_cert":"e2e","level":"info","msg":"received aggregator request","plugin_name":"e2e","time":"2021-05-11T15:33:07Z"}
{"client_cert":"e2e","level":"info","msg":"received aggregator request","plugin_name":"e2e","time":"2021-05-11T15:33:09Z"}
{"client_cert":"e2e","level":"info","msg":"received aggregator request","plugin_name":"e2e","time":"2021-05-11T15:33:11Z"}
{"client_cert":"e2e","level":"info","msg":"received aggregator request","plugin_name":"e2e","time":"2021-05-11T15:33:36Z"}
{"client_cert":"e2e","level":"info","msg":"received aggregator request","plugin_name":"e2e","time":"2021-05-11T15:33:46Z"}
{"client_cert":"e2e","level":"info","msg":"received aggregator request","plugin_name":"e2e","time":"2021-05-11T15:34:20Z"}
{"client_cert":"e2e","level":"info","msg":"received aggregator request","plugin_name":"e2e","time":"2021-05-11T15:34:42Z"}
{"client_cert":"e2e","level":"info","msg":"received aggregator request","plugin_name":"e2e","time":"2021-05-11T15:35:00Z"}
{"client_cert":"e2e","level":"info","msg":"received aggregator request","plugin_name":"e2e","time":"2021-05-11T15:35:24Z"}
{"client_cert":"e2e","level":"info","msg":"received aggregator request","plugin_name":"e2e","time":"2021-05-11T15:35:26Z"}
{"client_cert":"e2e","level":"info","msg":"received aggregator request","plugin_name":"e2e","time":"2021-05-11T15:35:29Z"}
{"client_cert":"e2e","level":"info","msg":"received aggregator request","plugin_name":"e2e","time":"2021-05-11T15:35:49Z"}
{"client_cert":"e2e","level":"info","msg":"received aggregator request","plugin_name":"e2e","time":"2021-05-11T15:35:51Z"}
{"client_cert":"e2e","level":"info","msg":"received aggregator request","plugin_name":"e2e","time":"2021-05-11T15:35:52Z"}
{"client_cert":"e2e","level":"info","msg":"received aggregator request","plugin_name":"e2e","time":"2021-05-11T15:37:34Z"}
{"client_cert":"e2e","level":"info","msg":"received aggregator request","plugin_name":"e2e","time":"2021-05-11T15:38:20Z"}
{"client_cert":"e2e","level":"info","msg":"received aggregator request","plugin_name":"e2e","time":"2021-05-11T15:40:50Z"}
{"client_cert":"e2e","level":"info","msg":"received aggregator request","plugin_name":"e2e","time":"2021-05-11T15:43:31Z"}
{"client_cert":"e2e","level":"info","msg":"received aggregator request","plugin_name":"e2e","time":"2021-05-11T15:43:37Z"}
{"client_cert":"e2e","level":"info","msg":"received aggregator request","plugin_name":"e2e","time":"2021-05-11T15:43:40Z"}
{"client_cert":"e2e","level":"info","msg":"received aggregator request","plugin_name":"e2e","time":"2021-05-11T15:43:42Z"}
{"client_cert":"e2e","level":"info","msg":"received aggregator request","plugin_name":"e2e","time":"2021-05-11T15:43:43Z"}
{"client_cert":"e2e","level":"info","msg":"received aggregator request","plugin_name":"e2e","time":"2021-05-11T15:46:07Z"}
{"client_cert":"e2e","level":"info","msg":"received aggregator request","plugin_name":"e2e","time":"2021-05-11T15:46:10Z"}
{"client_cert":"e2e","level":"info","msg":"received aggregator request","plugin_name":"e2e","time":"2021-05-11T15:46:12Z"}
{"client_cert":"e2e","level":"info","msg":"received aggregator request","plugin_name":"e2e","time":"2021-05-11T15:46:14Z"}
{"client_cert":"e2e","level":"info","msg":"received aggregator request","plugin_name":"e2e","time":"2021-05-11T15:46:17Z"}
{"client_cert":"e2e","level":"info","msg":"received aggregator request","plugin_name":"e2e","time":"2021-05-11T15:46:19Z"}
{"client_cert":"e2e","level":"info","msg":"received aggregator request","plugin_name":"e2e","time":"2021-05-11T15:46:21Z"}
{"client_cert":"e2e","level":"info","msg":"received aggregator request","plugin_name":"e2e","time":"2021-05-11T15:46:27Z"}
{"client_cert":"e2e","level":"info","msg":"received aggregator request","plugin_name":"e2e","time":"2021-05-11T15:46:29Z"}
{"client_cert":"e2e","level":"info","msg":"received aggregator request","plugin_name":"e2e","time":"2021-05-11T15:46:40Z"}
{"client_cert":"e2e","level":"info","msg":"received aggregator request","plugin_name":"e2e","time":"2021-05-11T15:46:42Z"}
{"client_cert":"e2e","level":"info","msg":"received aggregator request","plugin_name":"e2e","time":"2021-05-11T15:47:54Z"}
{"client_cert":"e2e","level":"info","msg":"received aggregator request","plugin_name":"e2e","time":"2021-05-11T15:48:00Z"}
{"client_cert":"e2e","level":"info","msg":"received aggregator request","plugin_name":"e2e","time":"2021-05-11T15:48:00Z"}
{"client_cert":"e2e","level":"info","msg":"received aggregator request","plugin_name":"e2e","time":"2021-05-11T15:48:02Z"}
{"client_cert":"e2e","level":"info","msg":"received aggregator request","plugin_name":"e2e","time":"2021-05-11T15:48:04Z"}
{"client_cert":"e2e","level":"info","msg":"received aggregator request","plugin_name":"e2e","time":"2021-05-11T15:48:06Z"}
{"client_cert":"e2e","level":"info","msg":"received aggregator request","plugin_name":"e2e","time":"2021-05-11T15:48:08Z"}
{"client_cert":"e2e","level":"info","msg":"received aggregator request","plugin_name":"e2e","time":"2021-05-11T15:49:08Z"}
{"client_cert":"e2e","level":"info","msg":"received aggregator request","plugin_name":"e2e","time":"2021-05-11T15:49:10Z"}
{"client_cert":"e2e","level":"info","msg":"received aggregator request","plugin_name":"e2e","time":"2021-05-11T15:49:11Z"}
{"client_cert":"e2e","level":"info","msg":"received aggregator request","plugin_name":"e2e","time":"2021-05-11T15:49:22Z"}
{"client_cert":"e2e","level":"info","msg":"received aggregator request","plugin_name":"e2e","time":"2021-05-11T15:49:26Z"}
{"client_cert":"e2e","level":"info","msg":"received aggregator request","plugin_name":"e2e","time":"2021-05-11T15:49:28Z"}
{"client_cert":"e2e","level":"info","msg":"received aggregator request","plugin_name":"e2e","time":"2021-05-11T15:49:34Z"}
{"client_cert":"e2e","level":"info","msg":"received aggregator request","plugin_name":"e2e","time":"2021-05-11T15:49:36Z"}
{"client_cert":"e2e","level":"info","msg":"received aggregator request","plugin_name":"e2e","time":"2021-05-11T15:49:57Z"}
{"client_cert":"e2e","level":"info","msg":"received aggregator request","plugin_name":"e2e","time":"2021-05-11T15:49:58Z"}
{"client_cert":"e2e","level":"info","msg":"received aggregator request","plugin_name":"e2e","time":"2021-05-11T15:50:10Z"}
{"client_cert":"e2e","level":"info","msg":"received aggregator request","plugin_name":"e2e","time":"2021-05-11T15:50:17Z"}
{"client_cert":"e2e","level":"info","msg":"received aggregator request","plugin_name":"e2e","time":"2021-05-11T15:50:24Z"}
{"client_cert":"e2e","level":"info","msg":"received aggregator request","plugin_name":"e2e","time":"2021-05-11T15:50:26Z"}
{"client_cert":"e2e","level":"info","msg":"received aggregator request","plugin_name":"e2e","time":"2021-05-11T15:50:28Z"}
{"client_cert":"e2e","level":"info","msg":"received aggregator request","plugin_name":"e2e","time":"2021-05-11T15:50:30Z"}
{"client_cert":"e2e","level":"info","msg":"received aggregator request","plugin_name":"e2e","time":"2021-05-11T15:50:34Z"}
{"client_cert":"e2e","level":"info","msg":"received aggregator request","plugin_name":"e2e","time":"2021-05-11T15:50:36Z"}
{"client_cert":"e2e","level":"info","msg":"received aggregator request","plugin_name":"e2e","time":"2021-05-11T15:50:40Z"}
{"client_cert":"e2e","level":"info","msg":"received aggregator request","plugin_name":"e2e","time":"2021-05-11T15:50:42Z"}
{"client_cert":"e2e","level":"info","msg":"received aggregator request","plugin_name":"e2e","time":"2021-05-11T15:52:50Z"}
{"client_cert":"e2e","level":"info","msg":"received aggregator request","plugin_name":"e2e","time":"2021-05-11T15:52:58Z"}
{"client_cert":"e2e","level":"info","msg":"received aggregator request","plugin_name":"e2e","time":"2021-05-11T15:53:05Z"}
{"client_cert":"e2e","level":"info","msg":"received aggregator request","plugin_name":"e2e","time":"2021-05-11T15:53:07Z"}
{"client_cert":"e2e","level":"info","msg":"received aggregator request","plugin_name":"e2e","time":"2021-05-11T15:53:09Z"}
{"client_cert":"e2e","level":"info","msg":"received aggregator request","plugin_name":"e2e","time":"2021-05-11T15:53:50Z"}
{"client_cert":"e2e","level":"info","msg":"received aggregator request","plugin_name":"e2e","time":"2021-05-11T15:53:57Z"}
{"client_cert":"e2e","level":"info","msg":"received aggregator request","plugin_name":"e2e","time":"2021-05-11T15:53:59Z"}
{"client_cert":"e2e","level":"info","msg":"received aggregator request","plugin_name":"e2e","time":"2021-05-11T15:54:13Z"}
{"client_cert":"e2e","level":"info","msg":"received aggregator request","plugin_name":"e2e","time":"2021-05-11T15:54:15Z"}
{"client_cert":"e2e","level":"info","msg":"received aggregator request","plugin_name":"e2e","time":"2021-05-11T15:55:31Z"}
{"client_cert":"e2e","level":"info","msg":"received aggregator request","plugin_name":"e2e","time":"2021-05-11T15:55:41Z"}
{"client_cert":"e2e","level":"info","msg":"received aggregator request","plugin_name":"e2e","time":"2021-05-11T15:55:52Z"}
{"client_cert":"e2e","level":"info","msg":"received aggregator request","plugin_name":"e2e","time":"2021-05-11T15:56:03Z"}
{"client_cert":"e2e","level":"info","msg":"received aggregator request","plugin_name":"e2e","time":"2021-05-11T15:56:10Z"}
{"client_cert":"e2e","level":"info","msg":"received aggregator request","plugin_name":"e2e","time":"2021-05-11T15:56:22Z"}
{"client_cert":"e2e","level":"info","msg":"received aggregator request","plugin_name":"e2e","time":"2021-05-11T15:56:22Z"}
{"client_cert":"e2e","level":"info","msg":"received aggregator request","plugin_name":"e2e","time":"2021-05-11T15:56:23Z"}
{"client_cert":"e2e","level":"info","msg":"received aggregator request","plugin_name":"e2e","time":"2021-05-11T15:57:31Z"}
{"client_cert":"e2e","level":"info","msg":"received aggregator request","plugin_name":"e2e","time":"2021-05-11T15:57:35Z"}
{"client_cert":"e2e","level":"info","msg":"received aggregator request","plugin_name":"e2e","time":"2021-05-11T15:57:43Z"}
{"client_cert":"e2e","level":"info","msg":"received aggregator request","plugin_name":"e2e","time":"2021-05-11T15:57:51Z"}
{"client_cert":"e2e","level":"info","msg":"received aggregator request","plugin_name":"e2e","time":"2021-05-11T15:57:51Z"}
{"client_cert":"e2e","level":"info","msg":"received aggregator request","plugin_name":"e2e","time":"2021-05-11T15:57:58Z"}
{"client_cert":"e2e","level":"info","msg":"received aggregator request","plugin_name":"e2e","time":"2021-05-11T15:58:14Z"}
{"client_cert":"e2e","level":"info","msg":"received aggregator request","plugin_name":"e2e","time":"2021-05-11T16:03:18Z"}
{"client_cert":"e2e","level":"info","msg":"received aggregator request","plugin_name":"e2e","time":"2021-05-11T16:03:20Z"}
{"client_cert":"e2e","level":"info","msg":"received aggregator request","plugin_name":"e2e","time":"2021-05-11T16:03:21Z"}
{"client_cert":"e2e","level":"info","msg":"received aggregator request","plugin_name":"e2e","time":"2021-05-11T16:03:23Z"}
{"client_cert":"e2e","level":"info","msg":"received aggregator request","plugin_name":"e2e","time":"2021-05-11T16:03:25Z"}
{"client_cert":"e2e","level":"info","msg":"received aggregator request","plugin_name":"e2e","time":"2021-05-11T16:04:26Z"}
{"client_cert":"e2e","level":"info","msg":"received aggregator request","plugin_name":"e2e","time":"2021-05-11T16:04:28Z"}
{"client_cert":"e2e","level":"info","msg":"received aggregator request","plugin_name":"e2e","time":"2021-05-11T16:04:30Z"}
{"client_cert":"e2e","level":"info","msg":"received aggregator request","plugin_name":"e2e","time":"2021-05-11T16:04:30Z"}
{"client_cert":"e2e","level":"info","msg":"received aggregator request","plugin_name":"e2e","time":"2021-05-11T16:04:35Z"}
{"client_cert":"e2e","level":"info","msg":"received aggregator request","plugin_name":"e2e","time":"2021-05-11T16:06:00Z"}
{"client_cert":"e2e","level":"info","msg":"received aggregator request","plugin_name":"e2e","time":"2021-05-11T16:06:03Z"}
{"client_cert":"e2e","level":"info","msg":"received aggregator request","plugin_name":"e2e","time":"2021-05-11T16:06:08Z"}
{"client_cert":"e2e","level":"info","msg":"received aggregator request","plugin_name":"e2e","time":"2021-05-11T16:06:10Z"}
{"client_cert":"e2e","level":"info","msg":"received aggregator request","plugin_name":"e2e","time":"2021-05-11T16:06:20Z"}
{"client_cert":"e2e","level":"info","msg":"received aggregator request","plugin_name":"e2e","time":"2021-05-11T16:06:23Z"}
{"client_cert":"e2e","level":"info","msg":"received aggregator request","plugin_name":"e2e","time":"2021-05-11T16:06:28Z"}
{"client_cert":"e2e","level":"info","msg":"received aggregator request","plugin_name":"e2e","time":"2021-05-11T16:06:30Z"}
{"client_cert":"e2e","level":"info","msg":"received aggregator request","plugin_name":"e2e","time":"2021-05-11T16:06:36Z"}
{"client_cert":"e2e","level":"info","msg":"received aggregator request","plugin_name":"e2e","time":"2021-05-11T16:06:37Z"}
{"client_cert":"e2e","level":"info","msg":"received aggregator request","plugin_name":"e2e","time":"2021-05-11T16:06:41Z"}
{"client_cert":"e2e","level":"info","msg":"received aggregator request","plugin_name":"e2e","time":"2021-05-11T16:06:43Z"}
{"client_cert":"e2e","level":"info","msg":"received aggregator request","plugin_name":"e2e","time":"2021-05-11T16:06:50Z"}
{"client_cert":"e2e","level":"info","msg":"received aggregator request","plugin_name":"e2e","time":"2021-05-11T16:06:55Z"}
{"client_cert":"e2e","level":"info","msg":"received aggregator request","plugin_name":"e2e","time":"2021-05-11T16:06:57Z"}
{"client_cert":"e2e","level":"info","msg":"received aggregator request","plugin_name":"e2e","time":"2021-05-11T16:06:59Z"}
{"client_cert":"systemd-logs","level":"info","msg":"received aggregator request","node":"antrea-2021-05-11-iipfwk-worker","plugin_name":"systemd-logs","time":"2021-05-11T16:09:31Z"}
{"level":"error","msg":"Result processing error (409): result systemd-logs/antrea-2021-05-11-iipfwk-worker already received","time":"2021-05-11T16:09:31Z"}
{"client_cert":"systemd-logs","level":"info","msg":"received aggregator request","node":"antrea-2021-05-11-iipfwk-worker2","plugin_name":"systemd-logs","time":"2021-05-11T16:09:33Z"}
{"level":"error","msg":"Result processing error (409): result systemd-logs/antrea-2021-05-11-iipfwk-worker2 already received","time":"2021-05-11T16:09:33Z"}
{"client_cert":"systemd-logs","level":"info","msg":"received aggregator request","node":"antrea-2021-05-11-iipfwk-control-plane","plugin_name":"systemd-logs","time":"2021-05-11T16:09:33Z"}
{"level":"error","msg":"Result processing error (409): result systemd-logs/antrea-2021-05-11-iipfwk-control-plane already received","time":"2021-05-11T16:09:33Z"}
{"client_cert":"systemd-logs","level":"info","msg":"received aggregator request","node":"antrea-2021-05-11-iipfwk-worker2","plugin_name":"systemd-logs","time":"2021-05-11T16:09:47Z"}
{"level":"error","msg":"Result processing error (409): result systemd-logs/antrea-2021-05-11-iipfwk-worker2 already received","time":"2021-05-11T16:09:47Z"}
{"client_cert":"systemd-logs","level":"info","msg":"received aggregator request","node":"antrea-2021-05-11-iipfwk-worker","plugin_name":"systemd-logs","time":"2021-05-11T16:09:47Z"}
{"level":"error","msg":"Result processing error (409): result systemd-logs/antrea-2021-05-11-iipfwk-worker already received","time":"2021-05-11T16:09:47Z"}
{"client_cert":"systemd-logs","level":"info","msg":"received aggregator request","node":"antrea-2021-05-11-iipfwk-control-plane","plugin_name":"systemd-logs","time":"2021-05-11T16:09:50Z"}
{"level":"error","msg":"Result processing error (409): result systemd-logs/antrea-2021-05-11-iipfwk-control-plane already received","time":"2021-05-11T16:09:50Z"}
{"client_cert":"systemd-logs","level":"info","msg":"received aggregator request","node":"antrea-2021-05-11-iipfwk-worker","plugin_name":"systemd-logs","time":"2021-05-11T16:10:12Z"}
{"level":"error","msg":"Result processing error (409): result systemd-logs/antrea-2021-05-11-iipfwk-worker already received","time":"2021-05-11T16:10:12Z"}
{"client_cert":"systemd-logs","level":"info","msg":"received aggregator request","node":"antrea-2021-05-11-iipfwk-worker2","plugin_name":"systemd-logs","time":"2021-05-11T16:10:15Z"}
{"level":"error","msg":"Result processing error (409): result systemd-logs/antrea-2021-05-11-iipfwk-worker2 already received","time":"2021-05-11T16:10:15Z"}
{"client_cert":"systemd-logs","level":"info","msg":"received aggregator request","node":"antrea-2021-05-11-iipfwk-control-plane","plugin_name":"systemd-logs","time":"2021-05-11T16:10:17Z"}
{"level":"error","msg":"Result processing error (409): result systemd-logs/antrea-2021-05-11-iipfwk-control-plane already received","time":"2021-05-11T16:10:17Z"}
{"client_cert":"e2e","level":"info","msg":"received aggregator request","plugin_name":"e2e","time":"2021-05-11T16:11:02Z"}
{"client_cert":"systemd-logs","level":"info","msg":"received aggregator request","node":"antrea-2021-05-11-iipfwk-worker2","plugin_name":"systemd-logs","time":"2021-05-11T16:11:04Z"}
{"level":"error","msg":"Result processing error (409): result systemd-logs/antrea-2021-05-11-iipfwk-worker2 already received","time":"2021-05-11T16:11:04Z"}
{"client_cert":"systemd-logs","level":"info","msg":"received aggregator request","node":"antrea-2021-05-11-iipfwk-worker","plugin_name":"systemd-logs","time":"2021-05-11T16:11:04Z"}
{"level":"error","msg":"Result processing error (409): result systemd-logs/antrea-2021-05-11-iipfwk-worker already received","time":"2021-05-11T16:11:04Z"}
{"client_cert":"systemd-logs","level":"info","msg":"received aggregator request","node":"antrea-2021-05-11-iipfwk-control-plane","plugin_name":"systemd-logs","time":"2021-05-11T16:11:10Z"}
{"level":"error","msg":"Result processing error (409): result systemd-logs/antrea-2021-05-11-iipfwk-control-plane already received","time":"2021-05-11T16:11:10Z"}
{"client_cert":"e2e","level":"info","msg":"received aggregator request","plugin_name":"e2e","time":"2021-05-11T16:11:22Z"}
{"client_cert":"systemd-logs","level":"info","msg":"received aggregator request","node":"antrea-2021-05-11-iipfwk-worker","plugin_name":"systemd-logs","time":"2021-05-11T16:12:26Z"}
{"level":"error","msg":"Result processing error (409): result systemd-logs/antrea-2021-05-11-iipfwk-worker already received","time":"2021-05-11T16:12:26Z"}
{"client_cert":"systemd-logs","level":"info","msg":"received aggregator request","node":"antrea-2021-05-11-iipfwk-worker2","plugin_name":"systemd-logs","time":"2021-05-11T16:12:37Z"}
{"level":"error","msg":"Result processing error (409): result systemd-logs/antrea-2021-05-11-iipfwk-worker2 already received","time":"2021-05-11T16:12:37Z"}
{"client_cert":"systemd-logs","level":"info","msg":"received aggregator request","node":"antrea-2021-05-11-iipfwk-control-plane","plugin_name":"systemd-logs","time":"2021-05-11T16:12:43Z"}
{"level":"error","msg":"Result processing error (409): result systemd-logs/antrea-2021-05-11-iipfwk-control-plane already received","time":"2021-05-11T16:12:43Z"}
{"client_cert":"systemd-logs","level":"info","msg":"received aggregator request","node":"antrea-2021-05-11-iipfwk-worker","plugin_name":"systemd-logs","time":"2021-05-11T16:15:15Z"}
{"level":"error","msg":"Result processing error (409): result systemd-logs/antrea-2021-05-11-iipfwk-worker already received","time":"2021-05-11T16:15:15Z"}
{"client_cert":"e2e","level":"info","msg":"received aggregator request","plugin_name":"e2e","time":"2021-05-11T16:15:27Z"}
{"client_cert":"systemd-logs","level":"info","msg":"received aggregator request","node":"antrea-2021-05-11-iipfwk-worker2","plugin_name":"systemd-logs","time":"2021-05-11T16:15:30Z"}
{"level":"error","msg":"Result processing error (409): result systemd-logs/antrea-2021-05-11-iipfwk-worker2 already received","time":"2021-05-11T16:15:30Z"}
{"client_cert":"e2e","level":"info","msg":"received aggregator request","plugin_name":"e2e","time":"2021-05-11T16:15:34Z"}
{"client_cert":"e2e","level":"info","msg":"received aggregator request","plugin_name":"e2e","time":"2021-05-11T16:15:34Z"}
{"client_cert":"systemd-logs","level":"info","msg":"received aggregator request","node":"antrea-2021-05-11-iipfwk-control-plane","plugin_name":"systemd-logs","time":"2021-05-11T16:15:35Z"}
{"level":"error","msg":"Result processing error (409): result systemd-logs/antrea-2021-05-11-iipfwk-control-plane already received","time":"2021-05-11T16:15:35Z"}
{"client_cert":"e2e","level":"info","msg":"received aggregator request","plugin_name":"e2e","time":"2021-05-11T16:15:36Z"}
{"client_cert":"e2e","level":"info","msg":"received aggregator request","plugin_name":"e2e","time":"2021-05-11T16:15:49Z"}
{"client_cert":"e2e","level":"info","msg":"received aggregator request","plugin_name":"e2e","time":"2021-05-11T16:15:54Z"}
{"client_cert":"e2e","level":"info","msg":"received aggregator request","plugin_name":"e2e","time":"2021-05-11T16:15:56Z"}
{"client_cert":"e2e","level":"info","msg":"received aggregator request","plugin_name":"e2e","time":"2021-05-11T16:17:22Z"}
{"client_cert":"e2e","level":"info","msg":"received aggregator request","plugin_name":"e2e","time":"2021-05-11T16:17:22Z"}
{"client_cert":"e2e","level":"info","msg":"received aggregator request","plugin_name":"e2e","time":"2021-05-11T16:17:40Z"}
{"client_cert":"e2e","level":"info","msg":"received aggregator request","plugin_name":"e2e","time":"2021-05-11T16:17:40Z"}
{"client_cert":"e2e","level":"info","msg":"received aggregator request","plugin_name":"e2e","time":"2021-05-11T16:19:12Z"}
{"client_cert":"e2e","level":"info","msg":"received aggregator request","plugin_name":"e2e","time":"2021-05-11T16:19:14Z"}
{"client_cert":"e2e","level":"info","msg":"received aggregator request","plugin_name":"e2e","time":"2021-05-11T16:19:30Z"}
{"client_cert":"e2e","level":"info","msg":"received aggregator request","plugin_name":"e2e","time":"2021-05-11T16:19:51Z"}
{"client_cert":"e2e","level":"info","msg":"received aggregator request","plugin_name":"e2e","time":"2021-05-11T16:20:17Z"}
{"client_cert":"systemd-logs","level":"info","msg":"received aggregator request","node":"antrea-2021-05-11-iipfwk-worker","plugin_name":"systemd-logs","time":"2021-05-11T16:20:21Z"}
{"level":"error","msg":"Result processing error (409): result systemd-logs/antrea-2021-05-11-iipfwk-worker already received","time":"2021-05-11T16:20:21Z"}
{"client_cert":"systemd-logs","level":"info","msg":"received aggregator request","node":"antrea-2021-05-11-iipfwk-worker2","plugin_name":"systemd-logs","time":"2021-05-11T16:20:36Z"}
{"level":"error","msg":"Result processing error (409): result systemd-logs/antrea-2021-05-11-iipfwk-worker2 already received","time":"2021-05-11T16:20:36Z"}
{"client_cert":"systemd-logs","level":"info","msg":"received aggregator request","node":"antrea-2021-05-11-iipfwk-control-plane","plugin_name":"systemd-logs","time":"2021-05-11T16:20:48Z"}
{"level":"error","msg":"Result processing error (409): result systemd-logs/antrea-2021-05-11-iipfwk-control-plane already received","time":"2021-05-11T16:20:48Z"}
{"client_cert":"e2e","level":"info","msg":"received aggregator request","plugin_name":"e2e","time":"2021-05-11T16:21:00Z"}
{"client_cert":"e2e","level":"info","msg":"received aggregator request","plugin_name":"e2e","time":"2021-05-11T16:21:22Z"}
{"client_cert":"e2e","level":"info","msg":"received aggregator request","plugin_name":"e2e","time":"2021-05-11T16:21:28Z"}
{"client_cert":"e2e","level":"info","msg":"received aggregator request","plugin_name":"e2e","time":"2021-05-11T16:21:50Z"}
{"client_cert":"e2e","level":"info","msg":"received aggregator request","plugin_name":"e2e","time":"2021-05-11T16:22:10Z"}
{"client_cert":"e2e","level":"info","msg":"received aggregator request","plugin_name":"e2e","time":"2021-05-11T16:22:12Z"}
{"client_cert":"e2e","level":"info","msg":"received aggregator request","plugin_name":"e2e","time":"2021-05-11T16:22:14Z"}
{"client_cert":"e2e","level":"info","msg":"received aggregator request","plugin_name":"e2e","time":"2021-05-11T16:23:17Z"}
{"client_cert":"e2e","level":"info","msg":"received aggregator request","plugin_name":"e2e","time":"2021-05-11T16:23:19Z"}
{"client_cert":"e2e","level":"info","msg":"received aggregator request","plugin_name":"e2e","time":"2021-05-11T16:23:19Z"}
{"client_cert":"e2e","level":"info","msg":"received aggregator request","plugin_name":"e2e","time":"2021-05-11T16:23:23Z"}
{"client_cert":"e2e","level":"info","msg":"received aggregator request","plugin_name":"e2e","time":"2021-05-11T16:23:25Z"}
{"client_cert":"e2e","level":"info","msg":"received aggregator request","plugin_name":"e2e","time":"2021-05-11T16:23:27Z"}
{"client_cert":"e2e","level":"info","msg":"received aggregator request","plugin_name":"e2e","time":"2021-05-11T16:23:27Z"}
{"client_cert":"e2e","level":"info","msg":"received aggregator request","plugin_name":"e2e","time":"2021-05-11T16:23:29Z"}
{"client_cert":"e2e","level":"info","msg":"received aggregator request","plugin_name":"e2e","time":"2021-05-11T16:23:32Z"}
{"client_cert":"e2e","level":"info","msg":"received aggregator request","plugin_name":"e2e","time":"2021-05-11T16:23:32Z"}
{"client_cert":"e2e","level":"info","msg":"received aggregator request","plugin_name":"e2e","time":"2021-05-11T16:23:32Z"}
{"client_cert":"e2e","level":"info","msg":"received aggregator request","plugin_name":"e2e","time":"2021-05-11T16:23:36Z"}
{"client_cert":"e2e","level":"info","msg":"received aggregator request","plugin_name":"e2e","time":"2021-05-11T16:23:36Z"}
{"client_cert":"e2e","level":"info","msg":"received aggregator request","plugin_name":"e2e","time":"2021-05-11T16:23:38Z"}
{"client_cert":"e2e","level":"info","msg":"received aggregator request","plugin_name":"e2e","time":"2021-05-11T16:24:01Z"}
{"client_cert":"e2e","level":"info","msg":"received aggregator request","plugin_name":"e2e","time":"2021-05-11T16:24:36Z"}
{"client_cert":"e2e","level":"info","msg":"received aggregator request","plugin_name":"e2e","time":"2021-05-11T16:24:38Z"}
{"client_cert":"e2e","level":"info","msg":"received aggregator request","plugin_name":"e2e","time":"2021-05-11T16:24:40Z"}
{"client_cert":"e2e","level":"info","msg":"received aggregator request","plugin_name":"e2e","time":"2021-05-11T16:24:47Z"}
{"client_cert":"e2e","level":"info","msg":"received aggregator request","plugin_name":"e2e","time":"2021-05-11T16:24:58Z"}
{"client_cert":"e2e","level":"info","msg":"received aggregator request","plugin_name":"e2e","time":"2021-05-11T16:25:20Z"}
{"client_cert":"systemd-logs","level":"info","msg":"received aggregator request","node":"antrea-2021-05-11-iipfwk-worker","plugin_name":"systemd-logs","time":"2021-05-11T16:25:25Z"}
{"level":"error","msg":"Result processing error (409): result systemd-logs/antrea-2021-05-11-iipfwk-worker already received","time":"2021-05-11T16:25:25Z"}
{"client_cert":"e2e","level":"info","msg":"received aggregator request","plugin_name":"e2e","time":"2021-05-11T16:25:26Z"}
{"client_cert":"systemd-logs","level":"info","msg":"received aggregator request","node":"antrea-2021-05-11-iipfwk-worker2","plugin_name":"systemd-logs","time":"2021-05-11T16:25:47Z"}
{"level":"error","msg":"Result processing error (409): result systemd-logs/antrea-2021-05-11-iipfwk-worker2 already received","time":"2021-05-11T16:25:47Z"}
{"client_cert":"systemd-logs","level":"info","msg":"received aggregator request","node":"antrea-2021-05-11-iipfwk-control-plane","plugin_name":"systemd-logs","time":"2021-05-11T16:25:50Z"}
{"level":"error","msg":"Result processing error (409): result systemd-logs/antrea-2021-05-11-iipfwk-control-plane already received","time":"2021-05-11T16:25:50Z"}
{"client_cert":"e2e","level":"info","msg":"received aggregator request","plugin_name":"e2e","time":"2021-05-11T16:27:42Z"}
{"client_cert":"e2e","level":"info","msg":"received aggregator request","plugin_name":"e2e","time":"2021-05-11T16:27:44Z"}
{"client_cert":"e2e","level":"info","msg":"received aggregator request","plugin_name":"e2e","time":"2021-05-11T16:28:36Z"}
{"client_cert":"e2e","level":"info","msg":"received aggregator request","plugin_name":"e2e","time":"2021-05-11T16:29:17Z"}
{"client_cert":"e2e","level":"info","msg":"received aggregator request","plugin_name":"e2e","time":"2021-05-11T16:29:19Z"}
{"client_cert":"e2e","level":"info","msg":"received aggregator request","plugin_name":"e2e","time":"2021-05-11T16:29:19Z"}
{"client_cert":"e2e","level":"info","msg":"received aggregator request","plugin_name":"e2e","time":"2021-05-11T16:29:19Z"}
{"client_cert":"systemd-logs","level":"info","msg":"received aggregator request","node":"antrea-2021-05-11-iipfwk-worker","plugin_name":"systemd-logs","time":"2021-05-11T16:30:31Z"}
{"level":"error","msg":"Result processing error (409): result systemd-logs/antrea-2021-05-11-iipfwk-worker already received","time":"2021-05-11T16:30:31Z"}
{"client_cert":"systemd-logs","level":"info","msg":"received aggregator request","node":"antrea-2021-05-11-iipfwk-worker2","plugin_name":"systemd-logs","time":"2021-05-11T16:30:59Z"}
{"level":"error","msg":"Result processing error (409): result systemd-logs/antrea-2021-05-11-iipfwk-worker2 already received","time":"2021-05-11T16:30:59Z"}
{"client_cert":"systemd-logs","level":"info","msg":"received aggregator request","node":"antrea-2021-05-11-iipfwk-control-plane","plugin_name":"systemd-logs","time":"2021-05-11T16:31:00Z"}
{"level":"error","msg":"Result processing error (409): result systemd-logs/antrea-2021-05-11-iipfwk-control-plane already received","time":"2021-05-11T16:31:00Z"}
{"client_cert":"e2e","level":"info","msg":"received aggregator request","plugin_name":"e2e","time":"2021-05-11T16:32:30Z"}
{"client_cert":"e2e","level":"info","msg":"received aggregator request","plugin_name":"e2e","time":"2021-05-11T16:32:40Z"}
{"client_cert":"e2e","level":"info","msg":"received aggregator request","plugin_name":"e2e","time":"2021-05-11T16:33:01Z"}
{"client_cert":"e2e","level":"info","msg":"received aggregator request","plugin_name":"e2e","time":"2021-05-11T16:33:03Z"}
{"client_cert":"e2e","level":"info","msg":"received aggregator request","plugin_name":"e2e","time":"2021-05-11T16:33:09Z"}
{"client_cert":"e2e","level":"info","msg":"received aggregator request","plugin_name":"e2e","time":"2021-05-11T16:34:33Z"}
{"client_cert":"e2e","level":"info","msg":"received aggregator request","plugin_name":"e2e","time":"2021-05-11T16:34:50Z"}
{"client_cert":"e2e","level":"info","msg":"received aggregator request","plugin_name":"e2e","time":"2021-05-11T16:35:00Z"}
{"client_cert":"e2e","level":"info","msg":"received aggregator request","plugin_name":"e2e","time":"2021-05-11T16:35:02Z"}
{"client_cert":"e2e","level":"info","msg":"received aggregator request","plugin_name":"e2e","time":"2021-05-11T16:35:12Z"}
{"client_cert":"e2e","level":"info","msg":"received aggregator request","plugin_name":"e2e","time":"2021-05-11T16:35:18Z"}
{"client_cert":"e2e","level":"info","msg":"received aggregator request","plugin_name":"e2e","time":"2021-05-11T16:35:19Z"}
{"client_cert":"e2e","level":"info","msg":"received aggregator request","plugin_name":"e2e","time":"2021-05-11T16:35:21Z"}
{"client_cert":"e2e","level":"info","msg":"received aggregator request","plugin_name":"e2e","time":"2021-05-11T16:35:22Z"}
{"client_cert":"e2e","level":"info","msg":"received aggregator request","plugin_name":"e2e","time":"2021-05-11T16:35:24Z"}
{"client_cert":"e2e","level":"info","msg":"received aggregator request","plugin_name":"e2e","time":"2021-05-11T16:35:35Z"}
{"client_cert":"systemd-logs","level":"info","msg":"received aggregator request","node":"antrea-2021-05-11-iipfwk-worker","plugin_name":"systemd-logs","time":"2021-05-11T16:35:43Z"}
{"level":"error","msg":"Result processing error (409): result systemd-logs/antrea-2021-05-11-iipfwk-worker already received","time":"2021-05-11T16:35:43Z"}
{"client_cert":"e2e","level":"info","msg":"received aggregator request","plugin_name":"e2e","time":"2021-05-11T16:35:51Z"}
{"client_cert":"e2e","level":"info","msg":"received aggregator request","plugin_name":"e2e","time":"2021-05-11T16:35:53Z"}
{"client_cert":"systemd-logs","level":"info","msg":"received aggregator request","node":"antrea-2021-05-11-iipfwk-worker2","plugin_name":"systemd-logs","time":"2021-05-11T16:36:05Z"}
{"level":"error","msg":"Result processing error (409): result systemd-logs/antrea-2021-05-11-iipfwk-worker2 already received","time":"2021-05-11T16:36:05Z"}
{"client_cert":"e2e","level":"info","msg":"received aggregator request","plugin_name":"e2e","time":"2021-05-11T16:36:10Z"}
{"client_cert":"systemd-logs","level":"info","msg":"received aggregator request","node":"antrea-2021-05-11-iipfwk-control-plane","plugin_name":"systemd-logs","time":"2021-05-11T16:36:10Z"}
{"level":"error","msg":"Result processing error (409): result systemd-logs/antrea-2021-05-11-iipfwk-control-plane already received","time":"2021-05-11T16:36:10Z"}
{"client_cert":"e2e","level":"info","msg":"received aggregator request","plugin_name":"e2e","time":"2021-05-11T16:36:12Z"}
{"client_cert":"e2e","level":"info","msg":"received aggregator request","plugin_name":"e2e","time":"2021-05-11T16:36:23Z"}
{"client_cert":"e2e","level":"info","msg":"received aggregator request","plugin_name":"e2e","time":"2021-05-11T16:36:30Z"}
{"client_cert":"e2e","level":"info","msg":"received aggregator request","plugin_name":"e2e","time":"2021-05-11T16:36:32Z"}
{"client_cert":"e2e","level":"info","msg":"received aggregator request","plugin_name":"e2e","time":"2021-05-11T16:36:35Z"}
{"client_cert":"e2e","level":"info","msg":"received aggregator request","plugin_name":"e2e","time":"2021-05-11T16:36:41Z"}
{"client_cert":"e2e","level":"info","msg":"received aggregator request","plugin_name":"e2e","time":"2021-05-11T16:36:48Z"}
{"client_cert":"e2e","level":"info","msg":"received aggregator request","plugin_name":"e2e","time":"2021-05-11T16:37:05Z"}
{"client_cert":"e2e","level":"info","msg":"received aggregator request","plugin_name":"e2e","time":"2021-05-11T16:37:09Z"}
{"client_cert":"e2e","level":"info","msg":"received aggregator request","plugin_name":"e2e","time":"2021-05-11T16:37:37Z"}
{"client_cert":"e2e","level":"info","msg":"received aggregator request","plugin_name":"e2e","time":"2021-05-11T16:37:40Z"}
{"client_cert":"e2e","level":"info","msg":"received aggregator request","plugin_name":"e2e","time":"2021-05-11T16:37:47Z"}
{"client_cert":"e2e","level":"info","msg":"received aggregator request","plugin_name":"e2e","time":"2021-05-11T16:39:00Z"}
{"client_cert":"e2e","level":"info","msg":"received aggregator request","plugin_name":"e2e","time":"2021-05-11T16:39:07Z"}
{"client_cert":"e2e","level":"info","msg":"received aggregator request","plugin_name":"e2e","time":"2021-05-11T16:39:29Z"}
{"client_cert":"e2e","level":"info","msg":"received aggregator request","plugin_name":"e2e","time":"2021-05-11T16:39:31Z"}
{"client_cert":"e2e","level":"info","msg":"received aggregator request","plugin_name":"e2e","time":"2021-05-11T16:39:40Z"}
{"client_cert":"e2e","level":"info","msg":"received aggregator request","plugin_name":"e2e","time":"2021-05-11T16:40:40Z"}
{"client_cert":"e2e","level":"info","msg":"received aggregator request","plugin_name":"e2e","time":"2021-05-11T16:40:40Z"}
{"client_cert":"systemd-logs","level":"info","msg":"received aggregator request","node":"antrea-2021-05-11-iipfwk-worker","plugin_name":"systemd-logs","time":"2021-05-11T16:40:52Z"}
{"level":"error","msg":"Result processing error (409): result systemd-logs/antrea-2021-05-11-iipfwk-worker already received","time":"2021-05-11T16:40:52Z"}
{"client_cert":"e2e","level":"info","msg":"received aggregator request","plugin_name":"e2e","time":"2021-05-11T16:41:00Z"}
{"client_cert":"e2e","level":"info","msg":"received aggregator request","plugin_name":"e2e","time":"2021-05-11T16:41:03Z"}
{"client_cert":"e2e","level":"info","msg":"received aggregator request","plugin_name":"e2e","time":"2021-05-11T16:41:05Z"}
{"client_cert":"e2e","level":"info","msg":"received aggregator request","plugin_name":"e2e","time":"2021-05-11T16:41:07Z"}
{"client_cert":"systemd-logs","level":"info","msg":"received aggregator request","node":"antrea-2021-05-11-iipfwk-worker2","plugin_name":"systemd-logs","time":"2021-05-11T16:41:09Z"}
{"level":"error","msg":"Result processing error (409): result systemd-logs/antrea-2021-05-11-iipfwk-worker2 already received","time":"2021-05-11T16:41:09Z"}
{"client_cert":"e2e","level":"info","msg":"received aggregator request","plugin_name":"e2e","time":"2021-05-11T16:41:10Z"}
{"client_cert":"systemd-logs","level":"info","msg":"received aggregator request","node":"antrea-2021-05-11-iipfwk-control-plane","plugin_name":"systemd-logs","time":"2021-05-11T16:41:21Z"}
{"level":"error","msg":"Result processing error (409): result systemd-logs/antrea-2021-05-11-iipfwk-control-plane already received","time":"2021-05-11T16:41:21Z"}
{"client_cert":"e2e","level":"info","msg":"received aggregator request","plugin_name":"e2e","time":"2021-05-11T16:41:32Z"}
{"client_cert":"e2e","level":"info","msg":"received aggregator request","plugin_name":"e2e","time":"2021-05-11T16:41:34Z"}
{"client_cert":"e2e","level":"info","msg":"received aggregator request","plugin_name":"e2e","time":"2021-05-11T16:41:37Z"}
{"client_cert":"e2e","level":"info","msg":"received aggregator request","plugin_name":"e2e","time":"2021-05-11T16:41:39Z"}
{"client_cert":"e2e","level":"info","msg":"received aggregator request","plugin_name":"e2e","time":"2021-05-11T16:41:42Z"}
{"client_cert":"e2e","level":"info","msg":"received aggregator request","plugin_name":"e2e","time":"2021-05-11T16:42:15Z"}
{"client_cert":"e2e","level":"info","msg":"received aggregator request","plugin_name":"e2e","time":"2021-05-11T16:43:18Z"}
{"client_cert":"e2e","level":"info","msg":"received aggregator request","plugin_name":"e2e","time":"2021-05-11T16:43:20Z"}
{"client_cert":"e2e","level":"info","msg":"received aggregator request","plugin_name":"e2e","time":"2021-05-11T16:43:20Z"}
{"client_cert":"e2e","level":"info","msg":"received aggregator request","plugin_name":"e2e","time":"2021-05-11T16:44:50Z"}
{"client_cert":"e2e","level":"info","msg":"received aggregator request","plugin_name":"e2e","time":"2021-05-11T16:45:06Z"}
{"client_cert":"e2e","level":"info","msg":"received aggregator request","plugin_name":"e2e","time":"2021-05-11T16:45:08Z"}
{"client_cert":"e2e","level":"info","msg":"received aggregator request","plugin_name":"e2e","time":"2021-05-11T16:45:10Z"}
{"client_cert":"e2e","level":"info","msg":"received aggregator request","plugin_name":"e2e","time":"2021-05-11T16:45:10Z"}
{"client_cert":"e2e","level":"info","msg":"received aggregator request","plugin_name":"e2e","time":"2021-05-11T16:45:11Z"}
{"level":"info","msg":"Last update to annotations on exit","time":"2021-05-11T16:45:11Z"}
{"level":"info","msg":"Shutting down aggregation server","time":"2021-05-11T16:45:11Z"}
{"level":"info","msg":"prioritylevelconfigurations not specified in non-nil Resources. Skipping prioritylevelconfigurations query.","time":"2021-05-11T16:45:11Z"}
{"level":"info","msg":"flowschemas not specified in non-nil Resources. Skipping flowschemas query.","time":"2021-05-11T16:45:11Z"}
{"level":"info","msg":"addressgroups not specified in non-nil Resources. Skipping addressgroups query.","time":"2021-05-11T16:45:11Z"}
{"level":"info","msg":"appliedtogroups not specified in non-nil Resources. Skipping appliedtogroups query.","time":"2021-05-11T16:45:11Z"}
{"level":"info","msg":"runtimeclasses not specified in non-nil Resources. Skipping runtimeclasses query.","time":"2021-05-11T16:45:11Z"}
{"level":"info","msg":"antreacontrollerinfos not specified in non-nil Resources. Skipping antreacontrollerinfos query.","time":"2021-05-11T16:45:11Z"}
{"level":"info","msg":"antreaagentinfos not specified in non-nil Resources. Skipping antreaagentinfos query.","time":"2021-05-11T16:45:11Z"}
{"level":"info","msg":"controllerinfos not specified in non-nil Resources. Skipping controllerinfos query.","time":"2021-05-11T16:45:11Z"}
{"level":"info","msg":"csidrivers not specified in non-nil Resources. Skipping csidrivers query.","time":"2021-05-11T16:45:11Z"}
{"level":"info","msg":"csinodes not specified in non-nil Resources. Skipping csinodes query.","time":"2021-05-11T16:45:11Z"}
{"level":"info","msg":"antreaclusternetworkpolicystats not specified in non-nil Resources. Skipping antreaclusternetworkpolicystats query.","time":"2021-05-11T16:45:11Z"}
{"level":"info","msg":"ingressclasses not specified in non-nil Resources. Skipping ingressclasses query.","time":"2021-05-11T16:45:11Z"}
{"level":"info","msg":"egressgroups not specified in non-nil Resources. Skipping egressgroups query.","time":"2021-05-11T16:45:11Z"}
{"level":"info","msg":"egresses not specified in non-nil Resources. Skipping egresses query.","time":"2021-05-11T16:45:11Z"}
{"level":"info","msg":"clustergroups not specified in non-nil Resources. Skipping clustergroups query.","time":"2021-05-11T16:45:11Z"}
{"level":"info","msg":"traceflows not specified in non-nil Resources. Skipping traceflows query.","time":"2021-05-11T16:45:11Z"}
{"level":"info","msg":"clusternetworkpolicies not specified in non-nil Resources. Skipping clusternetworkpolicies query.","time":"2021-05-11T16:45:11Z"}
{"level":"info","msg":"tiers not specified in non-nil Resources. Skipping tiers query.","time":"2021-05-11T16:45:11Z"}
{"level":"info","msg":"secrets not specified in non-nil Resources. Skipping secrets query.","time":"2021-05-11T16:45:11Z"}
{"level":"info","msg":"events not specified in non-nil Resources. Skipping events query.","time":"2021-05-11T16:45:11Z"}
{"level":"info","msg":"endpointslices not specified in non-nil Resources. Skipping endpointslices query.","time":"2021-05-11T16:45:11Z"}
{"level":"info","msg":"externalentities not specified in non-nil Resources. Skipping externalentities query.","time":"2021-05-11T16:45:11Z"}
{"level":"info","msg":"horizontalpodautoscalers not specified in non-nil Resources. Skipping horizontalpodautoscalers query.","time":"2021-05-11T16:45:11Z"}
{"level":"info","msg":"antreanetworkpolicystats not specified in non-nil Resources. Skipping antreanetworkpolicystats query.","time":"2021-05-11T16:45:11Z"}
{"level":"info","msg":"networkpolicystats not specified in non-nil Resources. Skipping networkpolicystats query.","time":"2021-05-11T16:45:11Z"}
{"level":"info","msg":"Collecting Node Configuration and Health...","time":"2021-05-11T16:45:11Z"}
{"level":"info","msg":"Creating host results for antrea-2021-05-11-iipfwk-control-plane under /tmp/sonobuoy/ad429d82-aa0e-463c-b512-b8008f7ce823/hosts/antrea-2021-05-11-iipfwk-control-plane\n","time":"2021-05-11T16:45:11Z"}
{"level":"info","msg":"Creating host results for antrea-2021-05-11-iipfwk-worker under /tmp/sonobuoy/ad429d82-aa0e-463c-b512-b8008f7ce823/hosts/antrea-2021-05-11-iipfwk-worker\n","time":"2021-05-11T16:45:11Z"}
{"level":"info","msg":"Creating host results for antrea-2021-05-11-iipfwk-worker2 under /tmp/sonobuoy/ad429d82-aa0e-463c-b512-b8008f7ce823/hosts/antrea-2021-05-11-iipfwk-worker2\n","time":"2021-05-11T16:45:11Z"}
{"level":"info","msg":"Running cluster queries","time":"2021-05-11T16:45:11Z"}
{"level":"info","msg":"Running ns query (default)","time":"2021-05-11T16:45:11Z"}
{"level":"info","msg":"Running ns query (kube-node-lease)","time":"2021-05-11T16:45:11Z"}
{"level":"info","msg":"Running ns query (kube-public)","time":"2021-05-11T16:45:11Z"}
{"level":"info","msg":"Running ns query (kube-system)","time":"2021-05-11T16:45:12Z"}
{"level":"info","msg":"Running ns query (local-path-storage)","time":"2021-05-11T16:45:13Z"}
{"level":"info","msg":"Running ns query (sonobuoy)","time":"2021-05-11T16:45:14Z"}
{"level":"info","msg":"Namespace default Matched=false","time":"2021-05-11T16:45:15Z"}
{"level":"info","msg":"Namespace emptydir-4868 Matched=false","time":"2021-05-11T16:45:15Z"}
{"level":"info","msg":"Namespace kube-node-lease Matched=false","time":"2021-05-11T16:45:15Z"}
{"level":"info","msg":"Namespace kube-public Matched=false","time":"2021-05-11T16:45:15Z"}
{"level":"info","msg":"Namespace kube-system Matched=false","time":"2021-05-11T16:45:15Z"}
{"level":"info","msg":"Namespace local-path-storage Matched=false","time":"2021-05-11T16:45:15Z"}
{"level":"info","msg":"Namespace sonobuoy Matched=true","time":"2021-05-11T16:45:15Z"}
{"level":"info","msg":"Collecting Pod Logs by namespace (sonobuoy)","time":"2021-05-11T16:45:15Z"}
{"level":"info","msg":"Collecting Pod Logs by FieldSelectors []","time":"2021-05-11T16:45:15Z"}
{"level":"info","msg":"Log lines after this point will not appear in the downloaded tarball.","time":"2021-05-11T16:45:15Z"}
